#
# A fatal error has been detected by the Java Runtime Environment:
#
#  SIGBUS (0x7) at pc=0x00007ff48c496582, pid=29507, tid=140687152494336
#
# JRE version: Java(TM) SE Runtime Environment (7.0_80-b15) (build 1.7.0_80-b15)
# Java VM: Java HotSpot(TM) 64-Bit Server VM (24.80-b11 mixed mode linux-amd64 compressed oops)
# Problematic frame:
# C  [libzip.so+0x4582]  newEntry+0x62
#
# Failed to write core dump. Core dumps have been disabled. To enable core dumping, try "ulimit -c unlimited" before starting Java again
#
# If you would like to submit a bug report, please visit:
#   http://bugreport.java.com/bugreport/crash.jsp
# The crash happened outside the Java Virtual Machine in native code.
# See problematic frame for where to report the bug.
#

---------------  T H R E A D  ---------------

Current thread (0x00007ff45caf5000):  JavaThread "Dispatcher: Thread-19" [_thread_in_native, id=29559, stack(0x00007ff447afb000,0x00007ff447bfc000)]

siginfo:si_signo=SIGBUS: si_errno=0, si_code=2 (BUS_ADRERR), si_addr=0x00007ff480edea46

Registers:
RAX=0x00007ff46857f060, RBX=0x00007ff48814c010, RCX=0x00007ff468000020, RDX=0x00007ff46857f060
RSP=0x00007ff447bf7f80, RBP=0x00007ff447bf7fd0, RSI=0x000000000040001c, RDI=0x0000000000000110
R8 =0x00007ff46869cf10, R9 =0x000000000000000e, R10=0x00007ff4850f8238, R11=0x00007ff4850f81f8
R12=0x00007ff480edea29, R13=0x00007ff46857f060, R14=0x00000000899934e2, R15=0x00007ff48812b4b0
RIP=0x00007ff48c496582, EFLAGS=0x0000000000010202, CSGSFS=0x002b000000000033, ERR=0x0000000000000004
  TRAPNO=0x000000000000000e

Top of Stack: (sp=0x00007ff447bf7f80)
0x00007ff447bf7f80:   00000000bad80c90 00007ff400000000
0x00007ff447bf7f90:   00007ff447bf8010 00007ff48e017f0c
0x00007ff447bf7fa0:   00007ff46857f060 00007ff48814c010
0x00007ff447bf7fb0:   00007ff48812b4b0 00007ff488813d80
0x00007ff447bf7fc0:   00000000899934e2 00007ff447bf8030
0x00007ff447bf7fd0:   00007ff447bf8010 00007ff48c496cb0
0x00007ff447bf7fe0:   0000000e47bf8010 00007ff447bf8030
0x00007ff447bf7ff0:   000000000000000e 00007ff45caf51e8
0x00007ff447bf8000:   00007ff447bf8030 00007ff447bf8488
0x00007ff447bf8010:   00007ff447bf8470 00007ff48c495aed
0x00007ff447bf8020:   0100000000000000 00007ff48812b4b0
0x00007ff447bf8030:   65646e692f626577 00006c6d74682e78
0x00007ff447bf8040:   00000000bd784d80 00000000eca90ec0
0x00007ff447bf8050:   00000000bd784ce0 00007ff4bd797bd0
0x00007ff447bf8060:   00000000bd78d0a8 00000000bd7b0728
0x00007ff447bf8070:   00000000bd797478 00007ff4bd76a150
0x00007ff447bf8080:   00000000bd785218 00000017bd7a6458
0x00007ff447bf8090:   00000000bd78f828 00007ff400000000
0x00007ff447bf80a0:   00000000bd7967f8 0000001800000000
0x00007ff447bf80b0:   00000000bd7c68b0 00007ff4bd7a89f0
0x00007ff447bf80c0:   00000000eca90f48 00007ff400000000
0x00007ff447bf80d0:   0000000000000000 0000000000000000
0x00007ff447bf80e0:   0000000000000000 00000018bd797bd0
0x00007ff447bf80f0:   0000000000000000 0000000000000000
0x00007ff447bf8100:   0000000000000000 00000019bd77e7a8
0x00007ff447bf8110:   00000000bd7c21e8 0000000000000000
0x00007ff447bf8120:   00007ff4bd613f18 00007ff4bd77e7a8
0x00007ff447bf8130:   00007ff4bd7c21e8 00007ff45caf5ef0
0x00007ff447bf8140:   00007ff45caf5f00 00007ff45caf62d8
0x00007ff447bf8150:   00000000000003d8 00007ff4bd797d90
0x00007ff447bf8160:   00007ff400000000 00000000bb448458
0x00007ff447bf8170:   0000000000000000 00000000bb3ad180 

Instructions: (pc=0x00007ff48c496582)
0x00007ff48c496562:   00 48 c7 40 28 00 00 00 00 41 80 7f 30 00 0f 84
0x00007ff48c496572:   8a 02 00 00 4c 8b 63 08 4d 2b 67 28 4d 03 67 18
0x00007ff48c496582:   41 0f b6 5c 24 1d 41 0f b6 44 24 1c c1 e3 08 09
0x00007ff48c496592:   c3 41 0f b6 44 24 1e 88 45 bd 41 0f b6 54 24 20 

Register to memory mapping:

RAX=0x00007ff46857f060 is an unknown value
RBX=0x00007ff48814c010 is an unknown value
RCX=0x00007ff468000020 is an unknown value
RDX=0x00007ff46857f060 is an unknown value
RSP=0x00007ff447bf7f80 is pointing into the stack for thread: 0x00007ff45caf5000
RBP=0x00007ff447bf7fd0 is pointing into the stack for thread: 0x00007ff45caf5000
RSI=0x000000000040001c: <offset 0x1c> in /usr/local/java/jdk1.7.0_80/jre/bin/java at 0x0000000000400000
RDI=0x0000000000000110 is an unknown value
R8 =0x00007ff46869cf10 is an unknown value
R9 =0x000000000000000e is an unknown value
R10=0x00007ff4850f8238 is at entry_point+88 in (nmethod*)0x00007ff4850f8050
R11=0x00007ff4850f81f8 is at entry_point+24 in (nmethod*)0x00007ff4850f8050
R12=0x00007ff480edea29 is an unknown value
R13=0x00007ff46857f060 is an unknown value
R14=0x00000000899934e2 is an unknown value
R15=0x00007ff48812b4b0 is an unknown value


Stack: [0x00007ff447afb000,0x00007ff447bfc000],  sp=0x00007ff447bf7f80,  free space=1011k
Native frames: (J=compiled Java code, j=interpreted, Vv=VM code, C=native code)
C  [libzip.so+0x4582]  newEntry+0x62
C  [libzip.so+0x4cb0]  ZIP_GetEntry+0xd0
C  [libzip.so+0x3aed]  Java_java_util_zip_ZipFile_getEntry+0xad
J 540  java.util.zip.ZipFile.getEntry(J[BZ)J (0 bytes) @ 0x00007ff4850f82ae [0x00007ff4850f81e0+0xce]
j  java.util.zip.ZipFile.getEntry(Ljava/lang/String;)Ljava/util/zip/ZipEntry;+38
j  java.util.jar.JarFile.getEntry(Ljava/lang/String;)Ljava/util/zip/ZipEntry;+2
J 66 C2 sun.misc.URLClassPath$JarLoader.getResource(Ljava/lang/String;Z)Lsun/misc/Resource; (91 bytes) @ 0x00007ff4850955dc [0x00007ff485095380+0x25c]
j  sun.misc.URLClassPath$JarLoader.findResource(Ljava/lang/String;Z)Ljava/net/URL;+3
j  sun.misc.URLClassPath.findResource(Ljava/lang/String;Z)Ljava/net/URL;+17
j  java.net.URLClassLoader$2.run()Ljava/net/URL;+12
j  java.net.URLClassLoader$2.run()Ljava/lang/Object;+1
v  ~StubRoutines::call_stub
V  [libjvm.so+0x6020a5]  JavaCalls::call_helper(JavaValue*, methodHandle*, JavaCallArguments*, Thread*)+0x365
V  [libjvm.so+0x600b08]  JavaCalls::call(JavaValue*, methodHandle, JavaCallArguments*, Thread*)+0x28
V  [libjvm.so+0x68b244]  JVM_DoPrivileged+0x2a4
j  java.security.AccessController.doPrivileged(Ljava/security/PrivilegedAction;Ljava/security/AccessControlContext;)Ljava/lang/Object;+0
j  java.net.URLClassLoader.findResource(Ljava/lang/String;)Ljava/net/URL;+13
j  java.lang.ClassLoader.getResource(Ljava/lang/String;)Ljava/net/URL;+30
j  org.restlet.engine.local.ClapClientHelper.handleClassLoader(Lorg/restlet/Request;Lorg/restlet/Response;Ljava/lang/ClassLoader;)V+80
j  org.restlet.engine.local.ClapClientHelper.handleLocal(Lorg/restlet/Request;Lorg/restlet/Response;Ljava/lang/String;)V+135
j  org.restlet.engine.local.LocalClientHelper.handle(Lorg/restlet/Request;Lorg/restlet/Response;)V+32
j  org.restlet.Client.handle(Lorg/restlet/Request;Lorg/restlet/Response;)V+19
j  org.restlet.Restlet.handle(Lorg/restlet/Request;)Lorg/restlet/Response;+12
j  org.restlet.engine.local.DirectoryServerResource.getRepresentation(Ljava/lang/String;)Lorg/restlet/Response;+15
j  org.restlet.engine.local.DirectoryServerResource.doInit()V+220
j  org.restlet.resource.Resource.init(Lorg/restlet/Context;Lorg/restlet/Request;Lorg/restlet/Response;)V+16
j  org.restlet.resource.Finder.handle(Lorg/restlet/Request;Lorg/restlet/Response;)V+83
j  org.restlet.resource.Directory.handle(Lorg/restlet/Request;Lorg/restlet/Response;)V+16
J 1145 C2 org.restlet.routing.Filter.doHandle(Lorg/restlet/Request;Lorg/restlet/Response;)I (82 bytes) @ 0x00007ff48530a9c8 [0x00007ff48530a980+0x48]
J 1147 C2 org.restlet.routing.Filter.handle(Lorg/restlet/Request;Lorg/restlet/Response;)V (86 bytes) @ 0x00007ff4853044d8 [0x00007ff485304460+0x78]
j  org.restlet.routing.Router.doHandle(Lorg/restlet/Restlet;Lorg/restlet/Request;Lorg/restlet/Response;)V+3
j  org.restlet.routing.Router.handle(Lorg/restlet/Request;Lorg/restlet/Response;)V+21
J 1145 C2 org.restlet.routing.Filter.doHandle(Lorg/restlet/Request;Lorg/restlet/Response;)I (82 bytes) @ 0x00007ff48530a9c8 [0x00007ff48530a980+0x48]
J 1147 C2 org.restlet.routing.Filter.handle(Lorg/restlet/Request;Lorg/restlet/Response;)V (86 bytes) @ 0x00007ff4853044d8 [0x00007ff485304460+0x78]
j  org.restlet.routing.Router.doHandle(Lorg/restlet/Restlet;Lorg/restlet/Request;Lorg/restlet/Response;)V+3
j  org.restlet.routing.Router.handle(Lorg/restlet/Request;Lorg/restlet/Response;)V+21
J 1145 C2 org.restlet.routing.Filter.doHandle(Lorg/restlet/Request;Lorg/restlet/Response;)I (82 bytes) @ 0x00007ff48530a9c8 [0x00007ff48530a980+0x48]
J 1147 C2 org.restlet.routing.Filter.handle(Lorg/restlet/Request;Lorg/restlet/Response;)V (86 bytes) @ 0x00007ff4853044d8 [0x00007ff485304460+0x78]
J 1145 C2 org.restlet.routing.Filter.doHandle(Lorg/restlet/Request;Lorg/restlet/Response;)I (82 bytes) @ 0x00007ff48530a9c8 [0x00007ff48530a980+0x48]
J 1147 C2 org.restlet.routing.Filter.handle(Lorg/restlet/Request;Lorg/restlet/Response;)V (86 bytes) @ 0x00007ff4853044d8 [0x00007ff485304460+0x78]
J 1145 C2 org.restlet.routing.Filter.doHandle(Lorg/restlet/Request;Lorg/restlet/Response;)I (82 bytes) @ 0x00007ff48530a9c8 [0x00007ff48530a980+0x48]
J 1147 C2 org.restlet.routing.Filter.handle(Lorg/restlet/Request;Lorg/restlet/Response;)V (86 bytes) @ 0x00007ff4853044d8 [0x00007ff485304460+0x78]
J 1145 C2 org.restlet.routing.Filter.doHandle(Lorg/restlet/Request;Lorg/restlet/Response;)I (82 bytes) @ 0x00007ff48530a9c8 [0x00007ff48530a980+0x48]
j  org.restlet.engine.application.StatusFilter.doHandle(Lorg/restlet/Request;Lorg/restlet/Response;)I+3
J 1147 C2 org.restlet.routing.Filter.handle(Lorg/restlet/Request;Lorg/restlet/Response;)V (86 bytes) @ 0x00007ff4853044d8 [0x00007ff485304460+0x78]
J 1145 C2 org.restlet.routing.Filter.doHandle(Lorg/restlet/Request;Lorg/restlet/Response;)I (82 bytes) @ 0x00007ff48530a9c8 [0x00007ff48530a980+0x48]
J 1147 C2 org.restlet.routing.Filter.handle(Lorg/restlet/Request;Lorg/restlet/Response;)V (86 bytes) @ 0x00007ff4853044d8 [0x00007ff485304460+0x78]
j  org.restlet.engine.CompositeHelper.handle(Lorg/restlet/Request;Lorg/restlet/Response;)V+19
j  org.restlet.engine.application.ApplicationHelper.handle(Lorg/restlet/Request;Lorg/restlet/Response;)V+13
j  org.restlet.Application.handle(Lorg/restlet/Request;Lorg/restlet/Response;)V+19
J 1145 C2 org.restlet.routing.Filter.doHandle(Lorg/restlet/Request;Lorg/restlet/Response;)I (82 bytes) @ 0x00007ff48530a9c8 [0x00007ff48530a980+0x48]
J 1147 C2 org.restlet.routing.Filter.handle(Lorg/restlet/Request;Lorg/restlet/Response;)V (86 bytes) @ 0x00007ff4853044d8 [0x00007ff485304460+0x78]
j  org.restlet.routing.Router.doHandle(Lorg/restlet/Restlet;Lorg/restlet/Request;Lorg/restlet/Response;)V+3
j  org.restlet.routing.Router.handle(Lorg/restlet/Request;Lorg/restlet/Response;)V+21
J 1145 C2 org.restlet.routing.Filter.doHandle(Lorg/restlet/Request;Lorg/restlet/Response;)I (82 bytes) @ 0x00007ff48530a9c8 [0x00007ff48530a980+0x48]
J 1147 C2 org.restlet.routing.Filter.handle(Lorg/restlet/Request;Lorg/restlet/Response;)V (86 bytes) @ 0x00007ff4853044d8 [0x00007ff485304460+0x78]
j  org.restlet.routing.Router.doHandle(Lorg/restlet/Restlet;Lorg/restlet/Request;Lorg/restlet/Response;)V+3
j  org.restlet.routing.Router.handle(Lorg/restlet/Request;Lorg/restlet/Response;)V+21
J 1145 C2 org.restlet.routing.Filter.doHandle(Lorg/restlet/Request;Lorg/restlet/Response;)I (82 bytes) @ 0x00007ff48530a9c8 [0x00007ff48530a980+0x48]
j  org.restlet.engine.application.StatusFilter.doHandle(Lorg/restlet/Request;Lorg/restlet/Response;)I+3
J 1147 C2 org.restlet.routing.Filter.handle(Lorg/restlet/Request;Lorg/restlet/Response;)V (86 bytes) @ 0x00007ff4853044d8 [0x00007ff485304460+0x78]
J 1145 C2 org.restlet.routing.Filter.doHandle(Lorg/restlet/Request;Lorg/restlet/Response;)I (82 bytes) @ 0x00007ff48530a9c8 [0x00007ff48530a980+0x48]
J 1147 C2 org.restlet.routing.Filter.handle(Lorg/restlet/Request;Lorg/restlet/Response;)V (86 bytes) @ 0x00007ff4853044d8 [0x00007ff485304460+0x78]
j  org.restlet.engine.CompositeHelper.handle(Lorg/restlet/Request;Lorg/restlet/Response;)V+19
j  org.restlet.Component.handle(Lorg/restlet/Request;Lorg/restlet/Response;)V+19
j  org.restlet.Server.handle(Lorg/restlet/Request;Lorg/restlet/Response;)V+19
j  org.restlet.engine.connector.ServerHelper.handle(Lorg/restlet/Request;Lorg/restlet/Response;)V+15
j  org.restlet.engine.adapter.HttpServerHelper.handle(Lorg/restlet/engine/adapter/ServerCall;)V+22
j  org.restlet.ext.simple.internal.SimpleContainer.handle(Lorg/simpleframework/http/Request;Lorg/simpleframework/http/Response;)V+30
j  org.simpleframework.http.core.Dispatcher.dispatch()V+24
j  org.simpleframework.http.core.Dispatcher.run()V+1
j  java.util.concurrent.ThreadPoolExecutor.runWorker(Ljava/util/concurrent/ThreadPoolExecutor$Worker;)V+95
j  java.util.concurrent.ThreadPoolExecutor$Worker.run()V+5
j  java.lang.Thread.run()V+11
v  ~StubRoutines::call_stub
V  [libjvm.so+0x6020a5]  JavaCalls::call_helper(JavaValue*, methodHandle*, JavaCallArguments*, Thread*)+0x365
V  [libjvm.so+0x600b08]  JavaCalls::call(JavaValue*, methodHandle, JavaCallArguments*, Thread*)+0x28
V  [libjvm.so+0x600dd7]  JavaCalls::call_virtual(JavaValue*, KlassHandle, Symbol*, Symbol*, JavaCallArguments*, Thread*)+0x197
V  [libjvm.so+0x600ef7]  JavaCalls::call_virtual(JavaValue*, Handle, KlassHandle, Symbol*, Symbol*, Thread*)+0x47
V  [libjvm.so+0x67f8d5]  thread_entry(JavaThread*, Thread*)+0xe5
V  [libjvm.so+0x95bfff]  JavaThread::thread_main_inner()+0xdf
V  [libjvm.so+0x95c105]  JavaThread::run()+0xf5
V  [libjvm.so+0x8238c8]  java_start(Thread*)+0x108

Java frames: (J=compiled Java code, j=interpreted, Vv=VM code)
J 540  java.util.zip.ZipFile.getEntry(J[BZ)J (0 bytes) @ 0x00007ff4850f8238 [0x00007ff4850f81e0+0x58]
j  java.util.zip.ZipFile.getEntry(Ljava/lang/String;)Ljava/util/zip/ZipEntry;+38
j  java.util.jar.JarFile.getEntry(Ljava/lang/String;)Ljava/util/zip/ZipEntry;+2
J 66 C2 sun.misc.URLClassPath$JarLoader.getResource(Ljava/lang/String;Z)Lsun/misc/Resource; (91 bytes) @ 0x00007ff4850955dc [0x00007ff485095380+0x25c]
j  sun.misc.URLClassPath$JarLoader.findResource(Ljava/lang/String;Z)Ljava/net/URL;+3
j  sun.misc.URLClassPath.findResource(Ljava/lang/String;Z)Ljava/net/URL;+17
j  java.net.URLClassLoader$2.run()Ljava/net/URL;+12
j  java.net.URLClassLoader$2.run()Ljava/lang/Object;+1
v  ~StubRoutines::call_stub
j  java.security.AccessController.doPrivileged(Ljava/security/PrivilegedAction;Ljava/security/AccessControlContext;)Ljava/lang/Object;+0
j  java.net.URLClassLoader.findResource(Ljava/lang/String;)Ljava/net/URL;+13
j  java.lang.ClassLoader.getResource(Ljava/lang/String;)Ljava/net/URL;+30
j  org.restlet.engine.local.ClapClientHelper.handleClassLoader(Lorg/restlet/Request;Lorg/restlet/Response;Ljava/lang/ClassLoader;)V+80
j  org.restlet.engine.local.ClapClientHelper.handleLocal(Lorg/restlet/Request;Lorg/restlet/Response;Ljava/lang/String;)V+135
j  org.restlet.engine.local.LocalClientHelper.handle(Lorg/restlet/Request;Lorg/restlet/Response;)V+32
j  org.restlet.Client.handle(Lorg/restlet/Request;Lorg/restlet/Response;)V+19
j  org.restlet.Restlet.handle(Lorg/restlet/Request;)Lorg/restlet/Response;+12
j  org.restlet.engine.local.DirectoryServerResource.getRepresentation(Ljava/lang/String;)Lorg/restlet/Response;+15
j  org.restlet.engine.local.DirectoryServerResource.doInit()V+220
j  org.restlet.resource.Resource.init(Lorg/restlet/Context;Lorg/restlet/Request;Lorg/restlet/Response;)V+16
j  org.restlet.resource.Finder.handle(Lorg/restlet/Request;Lorg/restlet/Response;)V+83
j  org.restlet.resource.Directory.handle(Lorg/restlet/Request;Lorg/restlet/Response;)V+16
J 1145 C2 org.restlet.routing.Filter.doHandle(Lorg/restlet/Request;Lorg/restlet/Response;)I (82 bytes) @ 0x00007ff48530a9c8 [0x00007ff48530a980+0x48]
J 1147 C2 org.restlet.routing.Filter.handle(Lorg/restlet/Request;Lorg/restlet/Response;)V (86 bytes) @ 0x00007ff4853044d8 [0x00007ff485304460+0x78]
j  org.restlet.routing.Router.doHandle(Lorg/restlet/Restlet;Lorg/restlet/Request;Lorg/restlet/Response;)V+3
j  org.restlet.routing.Router.handle(Lorg/restlet/Request;Lorg/restlet/Response;)V+21
J 1145 C2 org.restlet.routing.Filter.doHandle(Lorg/restlet/Request;Lorg/restlet/Response;)I (82 bytes) @ 0x00007ff48530a9c8 [0x00007ff48530a980+0x48]
J 1147 C2 org.restlet.routing.Filter.handle(Lorg/restlet/Request;Lorg/restlet/Response;)V (86 bytes) @ 0x00007ff4853044d8 [0x00007ff485304460+0x78]
j  org.restlet.routing.Router.doHandle(Lorg/restlet/Restlet;Lorg/restlet/Request;Lorg/restlet/Response;)V+3
j  org.restlet.routing.Router.handle(Lorg/restlet/Request;Lorg/restlet/Response;)V+21
J 1145 C2 org.restlet.routing.Filter.doHandle(Lorg/restlet/Request;Lorg/restlet/Response;)I (82 bytes) @ 0x00007ff48530a9c8 [0x00007ff48530a980+0x48]
J 1147 C2 org.restlet.routing.Filter.handle(Lorg/restlet/Request;Lorg/restlet/Response;)V (86 bytes) @ 0x00007ff4853044d8 [0x00007ff485304460+0x78]
J 1145 C2 org.restlet.routing.Filter.doHandle(Lorg/restlet/Request;Lorg/restlet/Response;)I (82 bytes) @ 0x00007ff48530a9c8 [0x00007ff48530a980+0x48]
J 1147 C2 org.restlet.routing.Filter.handle(Lorg/restlet/Request;Lorg/restlet/Response;)V (86 bytes) @ 0x00007ff4853044d8 [0x00007ff485304460+0x78]
J 1145 C2 org.restlet.routing.Filter.doHandle(Lorg/restlet/Request;Lorg/restlet/Response;)I (82 bytes) @ 0x00007ff48530a9c8 [0x00007ff48530a980+0x48]
J 1147 C2 org.restlet.routing.Filter.handle(Lorg/restlet/Request;Lorg/restlet/Response;)V (86 bytes) @ 0x00007ff4853044d8 [0x00007ff485304460+0x78]
J 1145 C2 org.restlet.routing.Filter.doHandle(Lorg/restlet/Request;Lorg/restlet/Response;)I (82 bytes) @ 0x00007ff48530a9c8 [0x00007ff48530a980+0x48]
j  org.restlet.engine.application.StatusFilter.doHandle(Lorg/restlet/Request;Lorg/restlet/Response;)I+3
J 1147 C2 org.restlet.routing.Filter.handle(Lorg/restlet/Request;Lorg/restlet/Response;)V (86 bytes) @ 0x00007ff4853044d8 [0x00007ff485304460+0x78]
J 1145 C2 org.restlet.routing.Filter.doHandle(Lorg/restlet/Request;Lorg/restlet/Response;)I (82 bytes) @ 0x00007ff48530a9c8 [0x00007ff48530a980+0x48]
J 1147 C2 org.restlet.routing.Filter.handle(Lorg/restlet/Request;Lorg/restlet/Response;)V (86 bytes) @ 0x00007ff4853044d8 [0x00007ff485304460+0x78]
j  org.restlet.engine.CompositeHelper.handle(Lorg/restlet/Request;Lorg/restlet/Response;)V+19
j  org.restlet.engine.application.ApplicationHelper.handle(Lorg/restlet/Request;Lorg/restlet/Response;)V+13
j  org.restlet.Application.handle(Lorg/restlet/Request;Lorg/restlet/Response;)V+19
J 1145 C2 org.restlet.routing.Filter.doHandle(Lorg/restlet/Request;Lorg/restlet/Response;)I (82 bytes) @ 0x00007ff48530a9c8 [0x00007ff48530a980+0x48]
J 1147 C2 org.restlet.routing.Filter.handle(Lorg/restlet/Request;Lorg/restlet/Response;)V (86 bytes) @ 0x00007ff4853044d8 [0x00007ff485304460+0x78]
j  org.restlet.routing.Router.doHandle(Lorg/restlet/Restlet;Lorg/restlet/Request;Lorg/restlet/Response;)V+3
j  org.restlet.routing.Router.handle(Lorg/restlet/Request;Lorg/restlet/Response;)V+21
J 1145 C2 org.restlet.routing.Filter.doHandle(Lorg/restlet/Request;Lorg/restlet/Response;)I (82 bytes) @ 0x00007ff48530a9c8 [0x00007ff48530a980+0x48]
J 1147 C2 org.restlet.routing.Filter.handle(Lorg/restlet/Request;Lorg/restlet/Response;)V (86 bytes) @ 0x00007ff4853044d8 [0x00007ff485304460+0x78]
j  org.restlet.routing.Router.doHandle(Lorg/restlet/Restlet;Lorg/restlet/Request;Lorg/restlet/Response;)V+3
j  org.restlet.routing.Router.handle(Lorg/restlet/Request;Lorg/restlet/Response;)V+21
J 1145 C2 org.restlet.routing.Filter.doHandle(Lorg/restlet/Request;Lorg/restlet/Response;)I (82 bytes) @ 0x00007ff48530a9c8 [0x00007ff48530a980+0x48]
j  org.restlet.engine.application.StatusFilter.doHandle(Lorg/restlet/Request;Lorg/restlet/Response;)I+3
J 1147 C2 org.restlet.routing.Filter.handle(Lorg/restlet/Request;Lorg/restlet/Response;)V (86 bytes) @ 0x00007ff4853044d8 [0x00007ff485304460+0x78]
J 1145 C2 org.restlet.routing.Filter.doHandle(Lorg/restlet/Request;Lorg/restlet/Response;)I (82 bytes) @ 0x00007ff48530a9c8 [0x00007ff48530a980+0x48]
J 1147 C2 org.restlet.routing.Filter.handle(Lorg/restlet/Request;Lorg/restlet/Response;)V (86 bytes) @ 0x00007ff4853044d8 [0x00007ff485304460+0x78]
j  org.restlet.engine.CompositeHelper.handle(Lorg/restlet/Request;Lorg/restlet/Response;)V+19
j  org.restlet.Component.handle(Lorg/restlet/Request;Lorg/restlet/Response;)V+19
j  org.restlet.Server.handle(Lorg/restlet/Request;Lorg/restlet/Response;)V+19
j  org.restlet.engine.connector.ServerHelper.handle(Lorg/restlet/Request;Lorg/restlet/Response;)V+15
j  org.restlet.engine.adapter.HttpServerHelper.handle(Lorg/restlet/engine/adapter/ServerCall;)V+22
j  org.restlet.ext.simple.internal.SimpleContainer.handle(Lorg/simpleframework/http/Request;Lorg/simpleframework/http/Response;)V+30
j  org.simpleframework.http.core.Dispatcher.dispatch()V+24
j  org.simpleframework.http.core.Dispatcher.run()V+1
j  java.util.concurrent.ThreadPoolExecutor.runWorker(Ljava/util/concurrent/ThreadPoolExecutor$Worker;)V+95
j  java.util.concurrent.ThreadPoolExecutor$Worker.run()V+5
j  java.lang.Thread.run()V+11
v  ~StubRoutines::call_stub

---------------  P R O C E S S  ---------------

Java Threads: ( => current thread )
  0x0000000001248800 JavaThread "Dispatcher: Thread-31" [_thread_blocked, id=29573, stack(0x00007ff446eef000,0x00007ff446ff0000)]
  0x0000000001283000 JavaThread "Dispatcher: Thread-29" [_thread_blocked, id=29572, stack(0x00007ff446ff0000,0x00007ff4470f1000)]
  0x00007ff454028800 JavaThread "Notifier: Thread-30" [_thread_blocked, id=29571, stack(0x00007ff4470f1000,0x00007ff4471f2000)]
  0x00007ff454026000 JavaThread "Notifier: Thread-28" [_thread_blocked, id=29570, stack(0x00007ff4471f2000,0x00007ff4472f3000)]
  0x00007ff474023000 JavaThread "Reader: Thread-27" [_thread_blocked, id=29567, stack(0x00007ff4472f3000,0x00007ff4473f4000)]
  0x00007ff478002000 JavaThread "Dispatcher: Thread-25" [_thread_blocked, id=29566, stack(0x00007ff4473f4000,0x00007ff4474f5000)]
  0x00007ff454024800 JavaThread "Notifier: Thread-26" [_thread_blocked, id=29565, stack(0x00007ff4474f5000,0x00007ff4475f6000)]
  0x00007ff470005000 JavaThread "Dispatcher: Thread-23" [_thread_blocked, id=29564, stack(0x00007ff4475f6000,0x00007ff4476f7000)]
  0x00007ff46c018800 JavaThread "Reader: Thread-24" [_thread_blocked, id=29563, stack(0x00007ff4476f7000,0x00007ff4477f8000)]
  0x00007ff454007800 JavaThread "Notifier: Thread-22" [_thread_blocked, id=29562, stack(0x00007ff4477f8000,0x00007ff4478f9000)]
  0x00007ff448001800 JavaThread "Reader: Thread-21" [_thread_blocked, id=29561, stack(0x00007ff4478f9000,0x00007ff4479fa000)]
  0x00007ff46853f800 JavaThread "Reader: Thread-20" [_thread_blocked, id=29560, stack(0x00007ff4479fa000,0x00007ff447afb000)]
=>0x00007ff45caf5000 JavaThread "Dispatcher: Thread-19" [_thread_in_native, id=29559, stack(0x00007ff447afb000,0x00007ff447bfc000)]
  0x00007ff460003800 JavaThread "Reader: Thread-18" [_thread_blocked, id=29558, stack(0x00007ff447bfc000,0x00007ff447cfd000)]
  0x00007ff454007000 JavaThread "Notifier: Thread-17" [_thread_blocked, id=29557, stack(0x00007ff447cfd000,0x00007ff447dfe000)]
  0x00007ff4888c1000 JavaThread "ActionDistributor: Thread-16" [_thread_in_native, id=29555, stack(0x00007ff447dfe000,0x00007ff447eff000)]
  0x00007ff4888c4800 JavaThread "ActionDistributor: Thread-14" [_thread_in_native, id=29554, stack(0x00007ff447eff000,0x00007ff448000000)]
  0x00007ff4888a3800 JavaThread "ActionDistributor: Thread-13" [_thread_in_native, id=29553, stack(0x00007ff4580e3000,0x00007ff4581e4000)]
  0x00007ff4888a2800 JavaThread "FileManager: Thread-12" [_thread_blocked, id=29552, stack(0x00007ff4581e4000,0x00007ff4582e5000)]
  0x00007ff4887ed800 JavaThread "pool-3-thread-1" [_thread_blocked, id=29550, stack(0x00007ff4583f3000,0x00007ff4584f4000)]
  0x00007ff46c016800 JavaThread "nioEventLoopGroup-3-4" [_thread_in_native, id=29549, stack(0x00007ff4584f4000,0x00007ff4585f5000)]
  0x00007ff46c015000 JavaThread "nioEventLoopGroup-3-3" [_thread_in_native, id=29548, stack(0x00007ff4585f5000,0x00007ff4586f6000)]
  0x00007ff46c013800 JavaThread "nioEventLoopGroup-3-2" [_thread_in_native, id=29547, stack(0x00007ff4586f6000,0x00007ff4587f7000)]
  0x00007ff46c012000 JavaThread "nioEventLoopGroup-3-1" [_thread_in_native, id=29546, stack(0x00007ff4587f7000,0x00007ff4588f8000)]
  0x00007ff4887c2800 JavaThread "Topology Updates" [_thread_blocked, id=29545, stack(0x00007ff4588f8000,0x00007ff4589f9000)]
  0x00007ff4887be800 JavaThread "nioEventLoopGroup-2-1" [_thread_in_native, id=29544, stack(0x00007ff4589f9000,0x00007ff458afa000)]
  0x00007ff450001800 JavaThread "Scheduled-4" [_thread_blocked, id=29543, stack(0x00007ff458afa000,0x00007ff458bfb000)]
  0x00007ff4886f5000 JavaThread "Scheduled-3" [_thread_blocked, id=29542, stack(0x00007ff458bfb000,0x00007ff458cfc000)]
  0x00007ff4886f4000 JavaThread "Scheduled-2" [_thread_blocked, id=29541, stack(0x00007ff458cfc000,0x00007ff458dfd000)]
  0x00007ff4886f2800 JavaThread "Thread-4" [_thread_in_native, id=29540, stack(0x00007ff458efe000,0x00007ff458fff000)]
  0x00007ff44008e800 JavaThread "org.python.google.common.base.internal.Finalizer" daemon [_thread_blocked, id=29539, stack(0x00007ff458dfd000,0x00007ff458efe000)]
  0x00007ff4885f6800 JavaThread "SyncMessage-1" [_thread_blocked, id=29536, stack(0x00007ff48004e000,0x00007ff48014f000)]
  0x00007ff4885f5800 JavaThread "SyncMessage-0" [_thread_blocked, id=29535, stack(0x00007ff48014f000,0x00007ff480250000)]
  0x00007ff4885f2800 JavaThread "HintWorker-1" [_thread_blocked, id=29534, stack(0x00007ff480250000,0x00007ff480351000)]
  0x00007ff4885f1000 JavaThread "HintWorker-0" [_thread_blocked, id=29533, stack(0x00007ff480351000,0x00007ff480452000)]
  0x00007ff4885f0000 JavaThread "Scheduled-1" [_thread_blocked, id=29532, stack(0x00007ff480452000,0x00007ff480553000)]
  0x00007ff4885ef800 JavaThread "Scheduled-0" [_thread_blocked, id=29531, stack(0x00007ff480996000,0x00007ff480a97000)]
  0x00007ff4885d8000 JavaThread "debugserver-main" [_thread_in_native, id=29530, stack(0x00007ff480553000,0x00007ff480654000)]
  0x00007ff488484000 JavaThread "Timer-0" daemon [_thread_blocked, id=29529, stack(0x00007ff48085c000,0x00007ff48095d000)]
  0x00007ff48811d000 JavaThread "Service Thread" daemon [_thread_blocked, id=29521, stack(0x00007ff48131c000,0x00007ff48141d000)]
  0x00007ff48811a800 JavaThread "C2 CompilerThread1" daemon [_thread_blocked, id=29520, stack(0x00007ff48141d000,0x00007ff48151e000)]
  0x00007ff488117800 JavaThread "C2 CompilerThread0" daemon [_thread_blocked, id=29519, stack(0x00007ff48151e000,0x00007ff48161f000)]
  0x00007ff488115800 JavaThread "Signal Dispatcher" daemon [_thread_blocked, id=29518, stack(0x00007ff48161f000,0x00007ff481720000)]
  0x00007ff4880f3800 JavaThread "Finalizer" daemon [_thread_blocked, id=29517, stack(0x00007ff481b29000,0x00007ff481c2a000)]
  0x00007ff4880f1000 JavaThread "Reference Handler" daemon [_thread_blocked, id=29516, stack(0x00007ff481c2a000,0x00007ff481d2b000)]
  0x00007ff48800a800 JavaThread "main" [_thread_blocked, id=29512, stack(0x00007ff48f1b6000,0x00007ff48f2b7000)]

Other Threads:
  0x00007ff4880ed000 VMThread [stack: 0x00007ff481d2b000,0x00007ff481e2c000] [id=29515]
  0x00007ff488127800 WatcherThread [stack: 0x00007ff48121b000,0x00007ff48131c000] [id=29522]

VM state:not at safepoint (normal execution)

VM Mutex/Monitor currently owned by a thread: None

Heap
 PSYoungGen      total 306176K, used 77760K [0x00000000eaa80000, 0x0000000100000000, 0x0000000100000000)
  eden space 262656K, 13% used [0x00000000eaa80000,0x00000000eccf01a0,0x00000000fab00000)
  from space 43520K, 97% used [0x00000000fd580000,0x00000000fff00238,0x0000000100000000)
  to   space 43520K, 0% used [0x00000000fab00000,0x00000000fab00000,0x00000000fd580000)
 ParOldGen       total 699392K, used 7704K [0x00000000bff80000, 0x00000000eaa80000, 0x00000000eaa80000)
  object space 699392K, 1% used [0x00000000bff80000,0x00000000c07061d0,0x00000000eaa80000)
 PSPermGen       total 43520K, used 43362K [0x00000000bad80000, 0x00000000bd800000, 0x00000000bff80000)
  object space 43520K, 99% used [0x00000000bad80000,0x00000000bd7d8b78,0x00000000bd800000)

Card table byte_map: [0x00007ff48c268000,0x00007ff48c492000] byte_map_base: 0x00007ff48bc91400

Polling page: 0x00007ff48f2d2000

Code Cache  [0x00007ff485000000, 0x00007ff485450000, 0x00007ff488000000)
 total_blobs=1891 nmethods=1457 adapters=386 free_code_cache=44821Kb largest_free_block=45818240

Compilation events (10 events):
Event: 828,284 Thread 0x00007ff48811a800 1547   !         java.lang.Thread::blockedOn (23 bytes)
Event: 828,292 Thread 0x00007ff48811a800 nmethod 1547 0x00007ff485446e50 code [0x00007ff485446f80, 0x00007ff4854471d8]
Event: 834,025 Thread 0x00007ff488117800 1548             java.nio.DirectByteBuffer$Deallocator::<init> (41 bytes)
Event: 834,026 Thread 0x00007ff488117800 nmethod 1548 0x00007ff485446c50 code [0x00007ff485446d80, 0x00007ff485446dd8]
Event: 834,090 Thread 0x00007ff48811a800 1549             java.nio.DirectByteBuffer$Deallocator::<init> (9 bytes)
Event: 834,092 Thread 0x00007ff48811a800 nmethod 1549 0x00007ff485446a50 code [0x00007ff485446b80, 0x00007ff485446bd8]
Event: 834,276 Thread 0x00007ff488117800 1550   !         org.simpleframework.http.core.ChunkedProducer::produce (155 bytes)
Event: 834,460 Thread 0x00007ff488117800 nmethod 1550 0x00007ff48544bbd0 code [0x00007ff48544be40, 0x00007ff48544cc70]
Event: 837,581 Thread 0x00007ff48811a800 1551             java.util.concurrent.ConcurrentHashMap$KeyIterator::<init> (11 bytes)
Event: 837,603 Thread 0x00007ff48811a800 nmethod 1551 0x00007ff48543ced0 code [0x00007ff48543d020, 0x00007ff48543d1b8]

GC Heap History (8 events):
Event: 9,842 GC heap before
{Heap before GC invocations=1 (full 0):
 PSYoungGen      total 306176K, used 262656K [0x00000000eaa80000, 0x0000000100000000, 0x0000000100000000)
  eden space 262656K, 100% used [0x00000000eaa80000,0x00000000fab00000,0x00000000fab00000)
  from space 43520K, 0% used [0x00000000fd580000,0x00000000fd580000,0x0000000100000000)
  to   space 43520K, 0% used [0x00000000fab00000,0x00000000fab00000,0x00000000fd580000)
 ParOldGen       total 699392K, used 0K [0x00000000bff80000, 0x00000000eaa80000, 0x00000000eaa80000)
  object space 699392K, 0% used [0x00000000bff80000,0x00000000bff80000,0x00000000eaa80000)
 PSPermGen       total 34304K, used 34295K [0x00000000bad80000, 0x00000000bcf00000, 0x00000000bff80000)
  object space 34304K, 99% used [0x00000000bad80000,0x00000000bcefde90,0x00000000bcf00000)
Event: 10,004 GC heap after
Heap after GC invocations=1 (full 0):
 PSYoungGen      total 306176K, used 43517K [0x00000000eaa80000, 0x0000000100000000, 0x0000000100000000)
  eden space 262656K, 0% used [0x00000000eaa80000,0x00000000eaa80000,0x00000000fab00000)
  from space 43520K, 99% used [0x00000000fab00000,0x00000000fd57f4c8,0x00000000fd580000)
  to   space 43520K, 0% used [0x00000000fd580000,0x00000000fd580000,0x0000000100000000)
 ParOldGen       total 699392K, used 5370K [0x00000000bff80000, 0x00000000eaa80000, 0x00000000eaa80000)
  object space 699392K, 0% used [0x00000000bff80000,0x00000000c04be858,0x00000000eaa80000)
 PSPermGen       total 34304K, used 34295K [0x00000000bad80000, 0x00000000bcf00000, 0x00000000bff80000)
  object space 34304K, 99% used [0x00000000bad80000,0x00000000bcefde90,0x00000000bcf00000)
}
Event: 23,075 GC heap before
{Heap before GC invocations=2 (full 0):
 PSYoungGen      total 306176K, used 306173K [0x00000000eaa80000, 0x0000000100000000, 0x0000000100000000)
  eden space 262656K, 100% used [0x00000000eaa80000,0x00000000fab00000,0x00000000fab00000)
  from space 43520K, 99% used [0x00000000fab00000,0x00000000fd57f4c8,0x00000000fd580000)
  to   space 43520K, 0% used [0x00000000fd580000,0x00000000fd580000,0x0000000100000000)
 ParOldGen       total 699392K, used 5370K [0x00000000bff80000, 0x00000000eaa80000, 0x00000000eaa80000)
  object space 699392K, 0% used [0x00000000bff80000,0x00000000c04be858,0x00000000eaa80000)
 PSPermGen       total 40448K, used 40158K [0x00000000bad80000, 0x00000000bd500000, 0x00000000bff80000)
  object space 40448K, 99% used [0x00000000bad80000,0x00000000bd4b78b0,0x00000000bd500000)
Event: 23,607 GC heap after
Heap after GC invocations=2 (full 0):
 PSYoungGen      total 306176K, used 43506K [0x00000000eaa80000, 0x0000000100000000, 0x0000000100000000)
  eden space 262656K, 0% used [0x00000000eaa80000,0x00000000eaa80000,0x00000000fab00000)
  from space 43520K, 99% used [0x00000000fd580000,0x00000000ffffc858,0x0000000100000000)
  to   space 43520K, 0% used [0x00000000fab00000,0x00000000fab00000,0x00000000fd580000)
 ParOldGen       total 699392K, used 6462K [0x00000000bff80000, 0x00000000eaa80000, 0x00000000eaa80000)
  object space 699392K, 0% used [0x00000000bff80000,0x00000000c05cf880,0x00000000eaa80000)
 PSPermGen       total 40448K, used 40158K [0x00000000bad80000, 0x00000000bd500000, 0x00000000bff80000)
  object space 40448K, 99% used [0x00000000bad80000,0x00000000bd4b78b0,0x00000000bd500000)
}
Event: 446,176 GC heap before
{Heap before GC invocations=3 (full 0):
 PSYoungGen      total 306176K, used 306162K [0x00000000eaa80000, 0x0000000100000000, 0x0000000100000000)
  eden space 262656K, 100% used [0x00000000eaa80000,0x00000000fab00000,0x00000000fab00000)
  from space 43520K, 99% used [0x00000000fd580000,0x00000000ffffc858,0x0000000100000000)
  to   space 43520K, 0% used [0x00000000fab00000,0x00000000fab00000,0x00000000fd580000)
 ParOldGen       total 699392K, used 6462K [0x00000000bff80000, 0x00000000eaa80000, 0x00000000eaa80000)
  object space 699392K, 0% used [0x00000000bff80000,0x00000000c05cf880,0x00000000eaa80000)
 PSPermGen       total 43520K, used 43116K [0x00000000bad80000, 0x00000000bd800000, 0x00000000bff80000)
  object space 43520K, 99% used [0x00000000bad80000,0x00000000bd79b060,0x00000000bd800000)
Event: 446,517 GC heap after
Heap after GC invocations=3 (full 0):
 PSYoungGen      total 306176K, used 43506K [0x00000000eaa80000, 0x0000000100000000, 0x0000000100000000)
  eden space 262656K, 0% used [0x00000000eaa80000,0x00000000eaa80000,0x00000000fab00000)
  from space 43520K, 99% used [0x00000000fab00000,0x00000000fd57c910,0x00000000fd580000)
  to   space 43520K, 0% used [0x00000000fd580000,0x00000000fd580000,0x0000000100000000)
 ParOldGen       total 699392K, used 7704K [0x00000000bff80000, 0x00000000eaa80000, 0x00000000eaa80000)
  object space 699392K, 1% used [0x00000000bff80000,0x00000000c07061d0,0x00000000eaa80000)
 PSPermGen       total 43520K, used 43116K [0x00000000bad80000, 0x00000000bd800000, 0x00000000bff80000)
  object space 43520K, 99% used [0x00000000bad80000,0x00000000bd79b060,0x00000000bd800000)
}
Event: 807,114 GC heap before
{Heap before GC invocations=4 (full 0):
 PSYoungGen      total 306176K, used 306162K [0x00000000eaa80000, 0x0000000100000000, 0x0000000100000000)
  eden space 262656K, 100% used [0x00000000eaa80000,0x00000000fab00000,0x00000000fab00000)
  from space 43520K, 99% used [0x00000000fab00000,0x00000000fd57c910,0x00000000fd580000)
  to   space 43520K, 0% used [0x00000000fd580000,0x00000000fd580000,0x0000000100000000)
 ParOldGen       total 699392K, used 7704K [0x00000000bff80000, 0x00000000eaa80000, 0x00000000eaa80000)
  object space 699392K, 1% used [0x00000000bff80000,0x00000000c07061d0,0x00000000eaa80000)
 PSPermGen       total 43520K, used 43352K [0x00000000bad80000, 0x00000000bd800000, 0x00000000bff80000)
  object space 43520K, 99% used [0x00000000bad80000,0x00000000bd7d63d8,0x00000000bd800000)
Event: 807,424 GC heap after
Heap after GC invocations=4 (full 0):
 PSYoungGen      total 306176K, used 42496K [0x00000000eaa80000, 0x0000000100000000, 0x0000000100000000)
  eden space 262656K, 0% used [0x00000000eaa80000,0x00000000eaa80000,0x00000000fab00000)
  from space 43520K, 97% used [0x00000000fd580000,0x00000000fff00238,0x0000000100000000)
  to   space 43520K, 0% used [0x00000000fab00000,0x00000000fab00000,0x00000000fd580000)
 ParOldGen       total 699392K, used 7704K [0x00000000bff80000, 0x00000000eaa80000, 0x00000000eaa80000)
  object space 699392K, 1% used [0x00000000bff80000,0x00000000c07061d0,0x00000000eaa80000)
 PSPermGen       total 43520K, used 43352K [0x00000000bad80000, 0x00000000bd800000, 0x00000000bff80000)
  object space 43520K, 99% used [0x00000000bad80000,0x00000000bd7d63d8,0x00000000bd800000)
}

Deoptimization events (10 events):
Event: 824,397 Thread 0x00007ff46c013800 Uncommon trap: reason=bimorphic action=maybe_recompile pc=0x00007ff4853c05fc method=net.floodlightcontroller.core.internal.OFConnection.write(Ljava/lang/Iterable;)Ljava/util/Collection; @ 71
Event: 824,401 Thread 0x00007ff46c013800 Uncommon trap: reason=bimorphic action=maybe_recompile pc=0x00007ff4853d442c method=net.floodlightcontroller.core.internal.OFConnection$WriteMessageTask.run()V @ 4
Event: 824,401 Thread 0x00007ff46c013800 Uncommon trap: reason=bimorphic action=maybe_recompile pc=0x00007ff4853a9e4c method=net.floodlightcontroller.core.internal.OFMessageEncoder.encode(Lio/netty/channel/ChannelHandlerContext;Ljava/lang/Iterable;Lio/netty/buffer/ByteBuf;)V @ 1
Event: 825,136 Thread 0x00007ff470005000 Uncommon trap: reason=unstable_if action=reinterpret pc=0x00007ff48542b9b4 method=net.floodlightcontroller.devicemanager.internal.Device.getAttachmentPoints(Z)[Lnet/floodlightcontroller/devicemanager/SwitchPort; @ 152
Event: 825,199 Thread 0x00007ff46c016800 Uncommon trap: reason=bimorphic action=maybe_recompile pc=0x00007ff4853c05fc method=net.floodlightcontroller.core.internal.OFConnection.write(Ljava/lang/Iterable;)Ljava/util/Collection; @ 71
Event: 825,221 Thread 0x00007ff46c016800 Uncommon trap: reason=bimorphic action=maybe_recompile pc=0x00007ff4853d442c method=net.floodlightcontroller.core.internal.OFConnection$WriteMessageTask.run()V @ 4
Event: 825,221 Thread 0x00007ff46c016800 Uncommon trap: reason=bimorphic action=maybe_recompile pc=0x00007ff4853a9e4c method=net.floodlightcontroller.core.internal.OFMessageEncoder.encode(Lio/netty/channel/ChannelHandlerContext;Ljava/lang/Iterable;Lio/netty/buffer/ByteBuf;)V @ 1
Event: 825,301 Thread 0x00007ff46c015000 Uncommon trap: reason=bimorphic action=maybe_recompile pc=0x00007ff4853c05fc method=net.floodlightcontroller.core.internal.OFConnection.write(Ljava/lang/Iterable;)Ljava/util/Collection; @ 71
Event: 825,301 Thread 0x00007ff46c015000 Uncommon trap: reason=bimorphic action=maybe_recompile pc=0x00007ff4853d442c method=net.floodlightcontroller.core.internal.OFConnection$WriteMessageTask.run()V @ 4
Event: 825,301 Thread 0x00007ff46c015000 Uncommon trap: reason=bimorphic action=maybe_recompile pc=0x00007ff4853a9e4c method=net.floodlightcontroller.core.internal.OFMessageEncoder.encode(Lio/netty/channel/ChannelHandlerContext;Ljava/lang/Iterable;Lio/netty/buffer/ByteBuf;)V @ 1

Internal exceptions (10 events):
Event: 814,747 Thread 0x00007ff450001800 Threw 0x00000000eaee7e50 at /HUDSON/workspace/7u-2-build-linux-amd64/jdk7u80/2329/hotspot/src/share/vm/prims/jni.cpp:717
Event: 821,099 Thread 0x00007ff46c016800 Implicit null exception at 0x00007ff4853f798e to 0x00007ff4853f7bd9
Event: 824,120 Thread 0x00007ff46c012000 Threw 0x00000000ebbe5fb0 at /HUDSON/workspace/7u-2-build-linux-amd64/jdk7u80/2329/hotspot/src/share/vm/prims/jni.cpp:717
Event: 824,123 Thread 0x00007ff46c015000 Threw 0x00000000ebcb8b30 at /HUDSON/workspace/7u-2-build-linux-amd64/jdk7u80/2329/hotspot/src/share/vm/prims/jni.cpp:717
Event: 824,123 Thread 0x00007ff46c015000 Threw 0x00000000ebcb93a0 at /HUDSON/workspace/7u-2-build-linux-amd64/jdk7u80/2329/hotspot/src/share/vm/prims/jvm.cpp:1319
Event: 824,174 Thread 0x00007ff46c015000 Threw 0x00000000ebcbcff8 at /HUDSON/workspace/7u-2-build-linux-amd64/jdk7u80/2329/hotspot/src/share/vm/prims/jni.cpp:717
Event: 824,187 Thread 0x00007ff46c012000 Threw 0x00000000ebbe8120 at /HUDSON/workspace/7u-2-build-linux-amd64/jdk7u80/2329/hotspot/src/share/vm/prims/jni.cpp:717
Event: 824,401 Thread 0x00007ff46c013800 Threw 0x00000000ebb41c30 at /HUDSON/workspace/7u-2-build-linux-amd64/jdk7u80/2329/hotspot/src/share/vm/prims/jni.cpp:717
Event: 824,763 Thread 0x00007ff450001800 Threw 0x00000000eaefdcc8 at /HUDSON/workspace/7u-2-build-linux-amd64/jdk7u80/2329/hotspot/src/share/vm/prims/jni.cpp:717
Event: 834,788 Thread 0x00007ff4885f0000 Threw 0x00000000eb298b40 at /HUDSON/workspace/7u-2-build-linux-amd64/jdk7u80/2329/hotspot/src/share/vm/prims/jni.cpp:717

Events (10 events):
Event: 825,301 Thread 0x00007ff46c015000 DEOPT PACKING pc=0x00007ff4853c05fc sp=0x00007ff4586f39c0
Event: 825,301 Thread 0x00007ff46c015000 DEOPT UNPACKING pc=0x00007ff485039445 sp=0x00007ff4586f39a8 mode 2
Event: 825,301 Thread 0x00007ff46c015000 Uncommon trap: trap_request=0xffffffc6 fr.pc=0x00007ff4853d442c
Event: 825,301 Thread 0x00007ff46c015000 DEOPT PACKING pc=0x00007ff4853d442c sp=0x00007ff4586f4580
Event: 825,301 Thread 0x00007ff46c015000 DEOPT UNPACKING pc=0x00007ff485039445 sp=0x00007ff4586f4550 mode 2
Event: 825,301 Thread 0x00007ff46c015000 Uncommon trap: trap_request=0xffffffc6 fr.pc=0x00007ff4853a9e4c
Event: 825,301 Thread 0x00007ff46c015000 DEOPT PACKING pc=0x00007ff4853a9e4c sp=0x00007ff4586f40a0
Event: 825,301 Thread 0x00007ff46c015000 DEOPT UNPACKING pc=0x00007ff485039445 sp=0x00007ff4586f4078 mode 2
Event: 834,024 loading class 0x00007ff48c0e7cf0
Event: 834,090 loading class 0x00007ff48c0e7cf0 done


Dynamic libraries:
00400000-00401000 r-xp 00000000 08:01 27975                              /usr/local/java/jdk1.7.0_80/jre/bin/java
00600000-00601000 rw-p 00000000 08:01 27975                              /usr/local/java/jdk1.7.0_80/jre/bin/java
0123b000-012a2000 rw-p 00000000 00:00 0                                  [heap]
bad80000-bd800000 rw-p 00000000 00:00 0 
bd800000-bff80000 rw-p 00000000 00:00 0 
bff80000-100000000 rw-p 00000000 00:00 0 
7ff440000000-7ff44081b000 rw-p 00000000 00:00 0 
7ff44081b000-7ff444000000 ---p 00000000 00:00 0 
7ff446eef000-7ff446ef2000 ---p 00000000 00:00 0 
7ff446ef2000-7ff446ff0000 rw-p 00000000 00:00 0 
7ff446ff0000-7ff446ff3000 ---p 00000000 00:00 0 
7ff446ff3000-7ff4470f1000 rw-p 00000000 00:00 0 
7ff4470f1000-7ff4470f4000 ---p 00000000 00:00 0 
7ff4470f4000-7ff4471f2000 rw-p 00000000 00:00 0 
7ff4471f2000-7ff4471f5000 ---p 00000000 00:00 0 
7ff4471f5000-7ff4472f3000 rw-p 00000000 00:00 0 
7ff4472f3000-7ff4472f6000 ---p 00000000 00:00 0 
7ff4472f6000-7ff4473f4000 rw-p 00000000 00:00 0 
7ff4473f4000-7ff4473f7000 ---p 00000000 00:00 0 
7ff4473f7000-7ff4474f5000 rw-p 00000000 00:00 0 
7ff4474f5000-7ff4474f8000 ---p 00000000 00:00 0 
7ff4474f8000-7ff4475f6000 rw-p 00000000 00:00 0 
7ff4475f6000-7ff4475f9000 ---p 00000000 00:00 0 
7ff4475f9000-7ff4476f7000 rw-p 00000000 00:00 0 
7ff4476f7000-7ff4476fa000 ---p 00000000 00:00 0 
7ff4476fa000-7ff4477f8000 rw-p 00000000 00:00 0 
7ff4477f8000-7ff4477fb000 ---p 00000000 00:00 0 
7ff4477fb000-7ff4478f9000 rw-p 00000000 00:00 0 
7ff4478f9000-7ff4478fc000 ---p 00000000 00:00 0 
7ff4478fc000-7ff4479fa000 rw-p 00000000 00:00 0 
7ff4479fa000-7ff4479fd000 ---p 00000000 00:00 0 
7ff4479fd000-7ff447afb000 rw-p 00000000 00:00 0 
7ff447afb000-7ff447afe000 ---p 00000000 00:00 0 
7ff447afe000-7ff447bfc000 rw-p 00000000 00:00 0 
7ff447bfc000-7ff447bff000 ---p 00000000 00:00 0 
7ff447bff000-7ff447cfd000 rw-p 00000000 00:00 0 
7ff447cfd000-7ff447d00000 ---p 00000000 00:00 0 
7ff447d00000-7ff447dfe000 rw-p 00000000 00:00 0 
7ff447dfe000-7ff447e01000 ---p 00000000 00:00 0 
7ff447e01000-7ff447eff000 rw-p 00000000 00:00 0 
7ff447eff000-7ff447f02000 ---p 00000000 00:00 0 
7ff447f02000-7ff448000000 rw-p 00000000 00:00 0 
7ff448000000-7ff448021000 rw-p 00000000 00:00 0 
7ff448021000-7ff44c000000 ---p 00000000 00:00 0 
7ff44c000000-7ff44c021000 rw-p 00000000 00:00 0 
7ff44c021000-7ff450000000 ---p 00000000 00:00 0 
7ff450000000-7ff450045000 rw-p 00000000 00:00 0 
7ff450045000-7ff454000000 ---p 00000000 00:00 0 
7ff454000000-7ff45402b000 rw-p 00000000 00:00 0 
7ff45402b000-7ff458000000 ---p 00000000 00:00 0 
7ff4580e3000-7ff4580e6000 ---p 00000000 00:00 0 
7ff4580e6000-7ff4581e4000 rw-p 00000000 00:00 0 
7ff4581e4000-7ff4581e7000 ---p 00000000 00:00 0 
7ff4581e7000-7ff4582e5000 rw-p 00000000 00:00 0 
7ff4582e5000-7ff4582f2000 r-xp 00000000 08:01 2287                       /tmp/jffi8191615270685195971.tmp
7ff4582f2000-7ff4583f2000 ---p 0000d000 08:01 2287                       /tmp/jffi8191615270685195971.tmp
7ff4583f2000-7ff4583f3000 rw-p 0000d000 08:01 2287                       /tmp/jffi8191615270685195971.tmp
7ff4583f3000-7ff4583f6000 ---p 00000000 00:00 0 
7ff4583f6000-7ff4584f4000 rw-p 00000000 00:00 0 
7ff4584f4000-7ff4584f7000 ---p 00000000 00:00 0 
7ff4584f7000-7ff4585f5000 rw-p 00000000 00:00 0 
7ff4585f5000-7ff4585f8000 ---p 00000000 00:00 0 
7ff4585f8000-7ff4586f6000 rw-p 00000000 00:00 0 
7ff4586f6000-7ff4586f9000 ---p 00000000 00:00 0 
7ff4586f9000-7ff4587f7000 rw-p 00000000 00:00 0 
7ff4587f7000-7ff4587fa000 ---p 00000000 00:00 0 
7ff4587fa000-7ff4588f8000 rw-p 00000000 00:00 0 
7ff4588f8000-7ff4588fb000 ---p 00000000 00:00 0 
7ff4588fb000-7ff4589f9000 rw-p 00000000 00:00 0 
7ff4589f9000-7ff4589fc000 ---p 00000000 00:00 0 
7ff4589fc000-7ff458afa000 rw-p 00000000 00:00 0 
7ff458afa000-7ff458afd000 ---p 00000000 00:00 0 
7ff458afd000-7ff458bfb000 rw-p 00000000 00:00 0 
7ff458bfb000-7ff458bfe000 ---p 00000000 00:00 0 
7ff458bfe000-7ff458cfc000 rw-p 00000000 00:00 0 
7ff458cfc000-7ff458cff000 ---p 00000000 00:00 0 
7ff458cff000-7ff458dfd000 rw-p 00000000 00:00 0 
7ff458dfd000-7ff458e00000 ---p 00000000 00:00 0 
7ff458e00000-7ff458efe000 rw-p 00000000 00:00 0 
7ff458efe000-7ff458f01000 ---p 00000000 00:00 0 
7ff458f01000-7ff45c000000 rw-p 00000000 00:00 0 
7ff45c000000-7ff45d8ce000 rw-p 00000000 00:00 0 
7ff45d8ce000-7ff460000000 ---p 00000000 00:00 0 
7ff460000000-7ff460021000 rw-p 00000000 00:00 0 
7ff460021000-7ff464000000 ---p 00000000 00:00 0 
7ff464000000-7ff464021000 rw-p 00000000 00:00 0 
7ff464021000-7ff468000000 ---p 00000000 00:00 0 
7ff468000000-7ff469a39000 rw-p 00000000 00:00 0 
7ff469a39000-7ff46c000000 ---p 00000000 00:00 0 
7ff46c000000-7ff46c021000 rw-p 00000000 00:00 0 
7ff46c021000-7ff470000000 ---p 00000000 00:00 0 
7ff470000000-7ff470021000 rw-p 00000000 00:00 0 
7ff470021000-7ff474000000 ---p 00000000 00:00 0 
7ff474000000-7ff474050000 rw-p 00000000 00:00 0 
7ff474050000-7ff478000000 ---p 00000000 00:00 0 
7ff478000000-7ff47809c000 rw-p 00000000 00:00 0 
7ff47809c000-7ff47c000000 ---p 00000000 00:00 0 
7ff47c000000-7ff47c080000 rw-p 00000000 00:00 0 
7ff47c080000-7ff480000000 ---p 00000000 00:00 0 
7ff480015000-7ff480018000 ---p 00000000 00:00 0 
7ff480018000-7ff48004e000 rw-p 00000000 00:00 0 
7ff48004e000-7ff480051000 ---p 00000000 00:00 0 
7ff480051000-7ff48014f000 rw-p 00000000 00:00 0 
7ff48014f000-7ff480152000 ---p 00000000 00:00 0 
7ff480152000-7ff480250000 rw-p 00000000 00:00 0 
7ff480250000-7ff480253000 ---p 00000000 00:00 0 
7ff480253000-7ff480351000 rw-p 00000000 00:00 0 
7ff480351000-7ff480354000 ---p 00000000 00:00 0 
7ff480354000-7ff480452000 rw-p 00000000 00:00 0 
7ff480452000-7ff480455000 ---p 00000000 00:00 0 
7ff480455000-7ff480553000 rw-p 00000000 00:00 0 
7ff480553000-7ff480556000 ---p 00000000 00:00 0 
7ff480556000-7ff480654000 rw-p 00000000 00:00 0 
7ff480654000-7ff48065c000 r-xp 00000000 08:01 25596                      /usr/local/java/jdk1.7.0_80/jre/lib/amd64/libmanagement.so
7ff48065c000-7ff48085b000 ---p 00008000 08:01 25596                      /usr/local/java/jdk1.7.0_80/jre/lib/amd64/libmanagement.so
7ff48085b000-7ff48085c000 rw-p 00007000 08:01 25596                      /usr/local/java/jdk1.7.0_80/jre/lib/amd64/libmanagement.so
7ff48085c000-7ff48085f000 ---p 00000000 00:00 0 
7ff48085f000-7ff48095d000 rw-p 00000000 00:00 0 
7ff48095d000-7ff480960000 ---p 00000000 00:00 0 
7ff480960000-7ff480996000 rw-p 00000000 00:00 0 
7ff480996000-7ff480999000 ---p 00000000 00:00 0 
7ff480999000-7ff480a97000 rw-p 00000000 00:00 0 
7ff480a97000-7ff480aa7000 r-xp 00000000 08:01 25588                      /usr/local/java/jdk1.7.0_80/jre/lib/amd64/libnio.so
7ff480aa7000-7ff480ca7000 ---p 00010000 08:01 25588                      /usr/local/java/jdk1.7.0_80/jre/lib/amd64/libnio.so
7ff480ca7000-7ff480ca8000 rw-p 00010000 08:01 25588                      /usr/local/java/jdk1.7.0_80/jre/lib/amd64/libnio.so
7ff480ca8000-7ff480cbf000 r-xp 00000000 08:01 25621                      /usr/local/java/jdk1.7.0_80/jre/lib/amd64/libnet.so
7ff480cbf000-7ff480ebe000 ---p 00017000 08:01 25621                      /usr/local/java/jdk1.7.0_80/jre/lib/amd64/libnet.so
7ff480ebe000-7ff480ebf000 rw-p 00016000 08:01 25621                      /usr/local/java/jdk1.7.0_80/jre/lib/amd64/libnet.so
7ff480ebf000-7ff48121b000 r--s 02cba000 08:01 399745                     /home/pat/SDN_Project/floodlight/floodlight-1.2/target/floodlight.jar
7ff48121b000-7ff48121c000 ---p 00000000 00:00 0 
7ff48121c000-7ff48131c000 rw-p 00000000 00:00 0 
7ff48131c000-7ff48131f000 ---p 00000000 00:00 0 
7ff48131f000-7ff48141d000 rw-p 00000000 00:00 0 
7ff48141d000-7ff481420000 ---p 00000000 00:00 0 
7ff481420000-7ff48151e000 rw-p 00000000 00:00 0 
7ff48151e000-7ff481521000 ---p 00000000 00:00 0 
7ff481521000-7ff48161f000 rw-p 00000000 00:00 0 
7ff48161f000-7ff481622000 ---p 00000000 00:00 0 
7ff481622000-7ff481720000 rw-p 00000000 00:00 0 
7ff481720000-7ff481b29000 r--p 00000000 08:01 7013                       /usr/lib/locale/locale-archive
7ff481b29000-7ff481b2c000 ---p 00000000 00:00 0 
7ff481b2c000-7ff481c2a000 rw-p 00000000 00:00 0 
7ff481c2a000-7ff481c2d000 ---p 00000000 00:00 0 
7ff481c2d000-7ff481d2b000 rw-p 00000000 00:00 0 
7ff481d2b000-7ff481d2c000 ---p 00000000 00:00 0 
7ff481d2c000-7ff482780000 rw-p 00000000 00:00 0 
7ff482780000-7ff482940000 r--s 039fb000 08:01 27946                      /usr/local/java/jdk1.7.0_80/jre/lib/rt.jar
7ff482940000-7ff484dfe000 rw-p 00000000 00:00 0 
7ff484dfe000-7ff484dff000 ---p 00000000 00:00 0 
7ff484dff000-7ff484eff000 rw-p 00000000 00:00 0 
7ff484eff000-7ff484f00000 ---p 00000000 00:00 0 
7ff484f00000-7ff485000000 rw-p 00000000 00:00 0 
7ff485000000-7ff485450000 rwxp 00000000 00:00 0 
7ff485450000-7ff488b6a000 rw-p 00000000 00:00 0 
7ff488b6a000-7ff48c000000 ---p 00000000 00:00 0 
7ff48c011000-7ff48c018000 r--s 00000000 08:01 137067                     /usr/lib/x86_64-linux-gnu/gconv/gconv-modules.cache
7ff48c018000-7ff48c0ff000 rw-p 00000000 00:00 0 
7ff48c0ff000-7ff48c112000 rw-p 00000000 00:00 0 
7ff48c112000-7ff48c27e000 rw-p 00000000 00:00 0 
7ff48c27e000-7ff48c291000 rw-p 00000000 00:00 0 
7ff48c291000-7ff48c492000 rw-p 00000000 00:00 0 
7ff48c492000-7ff48c4a9000 r-xp 00000000 08:01 25616                      /usr/local/java/jdk1.7.0_80/jre/lib/amd64/libzip.so
7ff48c4a9000-7ff48c6a9000 ---p 00017000 08:01 25616                      /usr/local/java/jdk1.7.0_80/jre/lib/amd64/libzip.so
7ff48c6a9000-7ff48c6aa000 rw-p 00017000 08:01 25616                      /usr/local/java/jdk1.7.0_80/jre/lib/amd64/libzip.so
7ff48c6aa000-7ff48c6b5000 r-xp 00000000 08:01 454868                     /lib/x86_64-linux-gnu/libnss_files-2.23.so
7ff48c6b5000-7ff48c8b4000 ---p 0000b000 08:01 454868                     /lib/x86_64-linux-gnu/libnss_files-2.23.so
7ff48c8b4000-7ff48c8b5000 r--p 0000a000 08:01 454868                     /lib/x86_64-linux-gnu/libnss_files-2.23.so
7ff48c8b5000-7ff48c8b6000 rw-p 0000b000 08:01 454868                     /lib/x86_64-linux-gnu/libnss_files-2.23.so
7ff48c8b6000-7ff48c8bc000 rw-p 00000000 00:00 0 
7ff48c8bc000-7ff48c8c7000 r-xp 00000000 08:01 454872                     /lib/x86_64-linux-gnu/libnss_nis-2.23.so
7ff48c8c7000-7ff48cac6000 ---p 0000b000 08:01 454872                     /lib/x86_64-linux-gnu/libnss_nis-2.23.so
7ff48cac6000-7ff48cac7000 r--p 0000a000 08:01 454872                     /lib/x86_64-linux-gnu/libnss_nis-2.23.so
7ff48cac7000-7ff48cac8000 rw-p 0000b000 08:01 454872                     /lib/x86_64-linux-gnu/libnss_nis-2.23.so
7ff48cac8000-7ff48cade000 r-xp 00000000 08:01 454852                     /lib/x86_64-linux-gnu/libnsl-2.23.so
7ff48cade000-7ff48ccdd000 ---p 00016000 08:01 454852                     /lib/x86_64-linux-gnu/libnsl-2.23.so
7ff48ccdd000-7ff48ccde000 r--p 00015000 08:01 454852                     /lib/x86_64-linux-gnu/libnsl-2.23.so
7ff48ccde000-7ff48ccdf000 rw-p 00016000 08:01 454852                     /lib/x86_64-linux-gnu/libnsl-2.23.so
7ff48ccdf000-7ff48cce1000 rw-p 00000000 00:00 0 
7ff48cce1000-7ff48cce9000 r-xp 00000000 08:01 454863                     /lib/x86_64-linux-gnu/libnss_compat-2.23.so
7ff48cce9000-7ff48cee8000 ---p 00008000 08:01 454863                     /lib/x86_64-linux-gnu/libnss_compat-2.23.so
7ff48cee8000-7ff48cee9000 r--p 00007000 08:01 454863                     /lib/x86_64-linux-gnu/libnss_compat-2.23.so
7ff48cee9000-7ff48ceea000 rw-p 00008000 08:01 454863                     /lib/x86_64-linux-gnu/libnss_compat-2.23.so
7ff48ceea000-7ff48cf13000 r-xp 00000000 08:01 25583                      /usr/local/java/jdk1.7.0_80/jre/lib/amd64/libjava.so
7ff48cf13000-7ff48d113000 ---p 00029000 08:01 25583                      /usr/local/java/jdk1.7.0_80/jre/lib/amd64/libjava.so
7ff48d113000-7ff48d115000 rw-p 00029000 08:01 25583                      /usr/local/java/jdk1.7.0_80/jre/lib/amd64/libjava.so
7ff48d115000-7ff48d122000 r-xp 00000000 08:01 25609                      /usr/local/java/jdk1.7.0_80/jre/lib/amd64/libverify.so
7ff48d122000-7ff48d321000 ---p 0000d000 08:01 25609                      /usr/local/java/jdk1.7.0_80/jre/lib/amd64/libverify.so
7ff48d321000-7ff48d323000 rw-p 0000c000 08:01 25609                      /usr/local/java/jdk1.7.0_80/jre/lib/amd64/libverify.so
7ff48d323000-7ff48d32a000 r-xp 00000000 08:01 454873                     /lib/x86_64-linux-gnu/librt-2.23.so
7ff48d32a000-7ff48d529000 ---p 00007000 08:01 454873                     /lib/x86_64-linux-gnu/librt-2.23.so
7ff48d529000-7ff48d52a000 r--p 00006000 08:01 454873                     /lib/x86_64-linux-gnu/librt-2.23.so
7ff48d52a000-7ff48d52b000 rw-p 00007000 08:01 454873                     /lib/x86_64-linux-gnu/librt-2.23.so
7ff48d52b000-7ff48d633000 r-xp 00000000 08:01 454851                     /lib/x86_64-linux-gnu/libm-2.23.so
7ff48d633000-7ff48d832000 ---p 00108000 08:01 454851                     /lib/x86_64-linux-gnu/libm-2.23.so
7ff48d832000-7ff48d833000 r--p 00107000 08:01 454851                     /lib/x86_64-linux-gnu/libm-2.23.so
7ff48d833000-7ff48d834000 rw-p 00108000 08:01 454851                     /lib/x86_64-linux-gnu/libm-2.23.so
7ff48d834000-7ff48e3aa000 r-xp 00000000 08:01 25633                      /usr/local/java/jdk1.7.0_80/jre/lib/amd64/server/libjvm.so
7ff48e3aa000-7ff48e5a9000 ---p 00b76000 08:01 25633                      /usr/local/java/jdk1.7.0_80/jre/lib/amd64/server/libjvm.so
7ff48e5a9000-7ff48e66d000 rw-p 00b75000 08:01 25633                      /usr/local/java/jdk1.7.0_80/jre/lib/amd64/server/libjvm.so
7ff48e66d000-7ff48e6ae000 rw-p 00000000 00:00 0 
7ff48e6ae000-7ff48e86e000 r-xp 00000000 08:01 454855                     /lib/x86_64-linux-gnu/libc-2.23.so
7ff48e86e000-7ff48ea6e000 ---p 001c0000 08:01 454855                     /lib/x86_64-linux-gnu/libc-2.23.so
7ff48ea6e000-7ff48ea72000 r--p 001c0000 08:01 454855                     /lib/x86_64-linux-gnu/libc-2.23.so
7ff48ea72000-7ff48ea74000 rw-p 001c4000 08:01 454855                     /lib/x86_64-linux-gnu/libc-2.23.so
7ff48ea74000-7ff48ea78000 rw-p 00000000 00:00 0 
7ff48ea78000-7ff48ea7b000 r-xp 00000000 08:01 454857                     /lib/x86_64-linux-gnu/libdl-2.23.so
7ff48ea7b000-7ff48ec7a000 ---p 00003000 08:01 454857                     /lib/x86_64-linux-gnu/libdl-2.23.so
7ff48ec7a000-7ff48ec7b000 r--p 00002000 08:01 454857                     /lib/x86_64-linux-gnu/libdl-2.23.so
7ff48ec7b000-7ff48ec7c000 rw-p 00003000 08:01 454857                     /lib/x86_64-linux-gnu/libdl-2.23.so
7ff48ec7c000-7ff48ec91000 r-xp 00000000 08:01 25626                      /usr/local/java/jdk1.7.0_80/jre/lib/amd64/jli/libjli.so
7ff48ec91000-7ff48ee90000 ---p 00015000 08:01 25626                      /usr/local/java/jdk1.7.0_80/jre/lib/amd64/jli/libjli.so
7ff48ee90000-7ff48ee91000 rw-p 00014000 08:01 25626                      /usr/local/java/jdk1.7.0_80/jre/lib/amd64/jli/libjli.so
7ff48ee91000-7ff48eea9000 r-xp 00000000 08:01 454854                     /lib/x86_64-linux-gnu/libpthread-2.23.so
7ff48eea9000-7ff48f0a8000 ---p 00018000 08:01 454854                     /lib/x86_64-linux-gnu/libpthread-2.23.so
7ff48f0a8000-7ff48f0a9000 r--p 00017000 08:01 454854                     /lib/x86_64-linux-gnu/libpthread-2.23.so
7ff48f0a9000-7ff48f0aa000 rw-p 00018000 08:01 454854                     /lib/x86_64-linux-gnu/libpthread-2.23.so
7ff48f0aa000-7ff48f0ae000 rw-p 00000000 00:00 0 
7ff48f0ae000-7ff48f0d4000 r-xp 00000000 08:01 454853                     /lib/x86_64-linux-gnu/ld-2.23.so
7ff48f0d9000-7ff48f0dd000 r--s 0008b000 08:01 27920                      /usr/local/java/jdk1.7.0_80/jre/lib/jsse.jar
7ff48f0dd000-7ff48f0e0000 r--s 00019000 08:01 27901                      /usr/local/java/jdk1.7.0_80/jre/lib/jce.jar
7ff48f0e0000-7ff48f108000 rw-p 00000000 00:00 0 
7ff48f108000-7ff48f1b6000 rw-p 00000000 00:00 0 
7ff48f1b6000-7ff48f1b9000 ---p 00000000 00:00 0 
7ff48f1b9000-7ff48f2bc000 rw-p 00000000 00:00 0 
7ff48f2be000-7ff48f2bf000 r--p 00000000 00:00 0 
7ff48f2bf000-7ff48f2c9000 r--s 00253000 08:01 25659                      /usr/local/java/jdk1.7.0_80/jre/lib/resources.jar
7ff48f2c9000-7ff48f2d1000 rw-s 00000000 08:01 2126                       /tmp/hsperfdata_pat/29507
7ff48f2d1000-7ff48f2d2000 rw-p 00000000 00:00 0 
7ff48f2d2000-7ff48f2d3000 r--p 00000000 00:00 0 
7ff48f2d3000-7ff48f2d4000 r--p 00025000 08:01 454853                     /lib/x86_64-linux-gnu/ld-2.23.so
7ff48f2d4000-7ff48f2d5000 rw-p 00026000 08:01 454853                     /lib/x86_64-linux-gnu/ld-2.23.so
7ff48f2d5000-7ff48f2d6000 rw-p 00000000 00:00 0 
7ffcfffe0000-7ffd00002000 rw-p 00000000 00:00 0                          [stack]
7ffd00166000-7ffd00169000 r--p 00000000 00:00 0                          [vvar]
7ffd00169000-7ffd0016b000 r-xp 00000000 00:00 0                          [vdso]
ffffffffff600000-ffffffffff601000 r-xp 00000000 00:00 0                  [vsyscall]

VM Arguments:
jvm_args: -Xms1024M -Xmx1024M 
java_command: /home/pat/SDN_Project/floodlight/floodlight-1.2/target/floodlight.jar
Launcher Type: SUN_STANDARD

Environment Variables:
PATH=/home/pat/bin:/home/pat/.local/bin:/usr/local/sbin:/usr/local/bin:/usr/sbin:/usr/bin:/sbin:/bin:/usr/games:/usr/local/games:/snap/bin
LD_LIBRARY_PATH=/usr/local/lib
SHELL=/bin/bash
DISPLAY=:0

Signal Handlers:
SIGSEGV: [libjvm.so+0x9a3b20], sa_mask[0]=0x7ffbfeff, sa_flags=0x10000004
SIGBUS: [libjvm.so+0x9a3b20], sa_mask[0]=0x7ffbfeff, sa_flags=0x10000004
SIGFPE: [libjvm.so+0x81e740], sa_mask[0]=0x7ffbfeff, sa_flags=0x10000004
SIGPIPE: [libjvm.so+0x81e740], sa_mask[0]=0x7ffbfeff, sa_flags=0x10000004
SIGXFSZ: [libjvm.so+0x81e740], sa_mask[0]=0x7ffbfeff, sa_flags=0x10000004
SIGILL: [libjvm.so+0x81e740], sa_mask[0]=0x7ffbfeff, sa_flags=0x10000004
SIGUSR1: SIG_DFL, sa_mask[0]=0x00000000, sa_flags=0x00000000
SIGUSR2: [libjvm.so+0x81ffb0], sa_mask[0]=0x00000004, sa_flags=0x10000004
SIGHUP: [libjvm.so+0x8210d0], sa_mask[0]=0x7ffbfeff, sa_flags=0x10000004
SIGINT: [libjvm.so+0x8210d0], sa_mask[0]=0x7ffbfeff, sa_flags=0x10000004
SIGTERM: [libjvm.so+0x8210d0], sa_mask[0]=0x7ffbfeff, sa_flags=0x10000004
SIGQUIT: [libjvm.so+0x8210d0], sa_mask[0]=0x7ffbfeff, sa_flags=0x10000004


---------------  S Y S T E M  ---------------

OS:stretch/sid

uname:Linux 4.13.0-41-generic #46~16.04.1-Ubuntu SMP Thu May 3 10:06:43 UTC 2018 x86_64
libc:glibc 2.23 NPTL 2.23 
rlimit: STACK 8192k, CORE 0k, NPROC 7767, NOFILE 1048576, AS infinity
load average:2,84 1,68 1,42

/proc/meminfo:
MemTotal:        2041384 kB
MemFree:           86008 kB
MemAvailable:     125496 kB
Buffers:            1320 kB
Cached:           216320 kB
SwapCached:         9056 kB
Active:          1299376 kB
Inactive:         476112 kB
Active(anon):    1221544 kB
Inactive(anon):   395128 kB
Active(file):      77832 kB
Inactive(file):    80984 kB
Unevictable:       35884 kB
Mlocked:           35884 kB
SwapTotal:       2095100 kB
SwapFree:         471528 kB
Dirty:              7280 kB
Writeback:             0 kB
AnonPages:       1584672 kB
Mapped:           148796 kB
Shmem:             51436 kB
Slab:              59288 kB
SReclaimable:      24516 kB
SUnreclaim:        34772 kB
KernelStack:       11632 kB
PageTables:        43656 kB
NFS_Unstable:          0 kB
Bounce:                0 kB
WritebackTmp:          0 kB
CommitLimit:     3115792 kB
Committed_AS:    8553592 kB
VmallocTotal:   34359738367 kB
VmallocUsed:           0 kB
VmallocChunk:          0 kB
HardwareCorrupted:     0 kB
AnonHugePages:         0 kB
ShmemHugePages:        0 kB
ShmemPmdMapped:        0 kB
CmaTotal:              0 kB
CmaFree:               0 kB
HugePages_Total:       0
HugePages_Free:        0
HugePages_Rsvd:        0
HugePages_Surp:        0
Hugepagesize:       2048 kB
DirectMap4k:      139200 kB
DirectMap2M:     1957888 kB


CPU:total 2 (2 cores per cpu, 1 threads per core) family 6 model 61 stepping 4, cmov, cx8, fxsr, mmx, sse, sse2, sse3, ssse3, sse4.1, sse4.2, popcnt, avx, avx2, aes, tsc, tscinvbit

/proc/cpuinfo:
processor	: 0
vendor_id	: GenuineIntel
cpu family	: 6
model		: 61
model name	: Intel(R) Core(TM) i5-5200U CPU @ 2.20GHz
stepping	: 4
cpu MHz		: 2196.824
cache size	: 3072 KB
physical id	: 0
siblings	: 2
core id		: 0
cpu cores	: 2
apicid		: 0
initial apicid	: 0
fpu		: yes
fpu_exception	: yes
cpuid level	: 20
wp		: yes
flags		: fpu vme de pse tsc msr pae mce cx8 apic sep mtrr pge mca cmov pat pse36 clflush mmx fxsr sse sse2 ht syscall nx rdtscp lm constant_tsc rep_good nopl xtopology nonstop_tsc cpuid pni pclmulqdq ssse3 cx16 sse4_1 sse4_2 x2apic movbe popcnt aes xsave avx rdrand hypervisor lahf_lm abm 3dnowprefetch pti retpoline avx2 rdseed
bugs		: cpu_meltdown spectre_v1 spectre_v2
bogomips	: 4393.64
clflush size	: 64
cache_alignment	: 64
address sizes	: 39 bits physical, 48 bits virtual
power management:

processor	: 1
vendor_id	: GenuineIntel
cpu family	: 6
model		: 61
model name	: Intel(R) Core(TM) i5-5200U CPU @ 2.20GHz
stepping	: 4
cpu MHz		: 2196.824
cache size	: 3072 KB
physical id	: 0
siblings	: 2
core id		: 1
cpu cores	: 2
apicid		: 1
initial apicid	: 1
fpu		: yes
fpu_exception	: yes
cpuid level	: 20
wp		: yes
flags		: fpu vme de pse tsc msr pae mce cx8 apic sep mtrr pge mca cmov pat pse36 clflush mmx fxsr sse sse2 ht syscall nx rdtscp lm constant_tsc rep_good nopl xtopology nonstop_tsc cpuid pni pclmulqdq ssse3 cx16 sse4_1 sse4_2 x2apic movbe popcnt aes xsave avx rdrand hypervisor lahf_lm abm 3dnowprefetch pti retpoline avx2 rdseed
bugs		: cpu_meltdown spectre_v1 spectre_v2
bogomips	: 4393.64
clflush size	: 64
cache_alignment	: 64
address sizes	: 39 bits physical, 48 bits virtual
power management:



Memory: 4k page, physical 2041384k(86008k free), swap 2095100k(471528k free)

vm_info: Java HotSpot(TM) 64-Bit Server VM (24.80-b11) for linux-amd64 JRE (1.7.0_80-b15), built on Apr 10 2015 19:53:14 by "java_re" with gcc 4.3.0 20080428 (Red Hat 4.3.0-8)

time: Mon Jan 28 18:27:08 2019
elapsed time: 839 seconds

