#
# There is insufficient memory for the Java Runtime Environment to continue.
# Native memory allocation (malloc) failed to allocate 716177408 bytes for committing reserved memory.
# Possible reasons:
#   The system is out of physical RAM or swap space
#   In 32 bit mode, the process size limit was hit
# Possible solutions:
#   Reduce memory load on the system
#   Increase physical memory or swap space
#   Check if swap backing store is full
#   Use 64 bit Java on a 64 bit OS
#   Decrease Java heap size (-Xmx/-Xms)
#   Decrease number of Java threads
#   Decrease Java thread stack sizes (-Xss)
#   Set larger code cache with -XX:ReservedCodeCacheSize=
# This output file may be truncated or incomplete.
#
#  Out of Memory Error (os_linux.cpp:2756), pid=25792, tid=140688931137280
#
# JRE version:  (7.0_80-b15) (build )
# Java VM: Java HotSpot(TM) 64-Bit Server VM (24.80-b11 mixed mode linux-amd64 compressed oops)
# Failed to write core dump. Core dumps have been disabled. To enable core dumping, try "ulimit -c unlimited" before starting Java again
#

---------------  T H R E A D  ---------------

Current thread (0x00007ff4a800a800):  JavaThread "Unknown thread" [_thread_in_vm, id=25797, stack(0x00007ff4b1b3a000,0x00007ff4b1c3b000)]

Stack: [0x00007ff4b1b3a000,0x00007ff4b1c3b000],  sp=0x00007ff4b1c39270,  free space=1020k
Native frames: (J=compiled Java code, j=interpreted, Vv=VM code, C=native code)
V  [libjvm.so+0x9a320a]  VMError::report_and_die()+0x2ea
V  [libjvm.so+0x498d3b]  report_vm_out_of_memory(char const*, int, unsigned long, char const*)+0x9b
V  [libjvm.so+0x82191e]  os::Linux::commit_memory_impl(char*, unsigned long, bool)+0xfe
V  [libjvm.so+0x821e69]  os::pd_commit_memory(char*, unsigned long, unsigned long, bool)+0x29
V  [libjvm.so+0x81bb6a]  os::commit_memory(char*, unsigned long, unsigned long, bool)+0x2a
V  [libjvm.so+0x88d623]  PSVirtualSpace::expand_by(unsigned long)+0x53
V  [libjvm.so+0x87c293]  PSOldGen::initialize(ReservedSpace, unsigned long, char const*, int)+0x103
V  [libjvm.so+0x29ace3]  AdjoiningGenerations::AdjoiningGenerations(ReservedSpace, unsigned long, unsigned long, unsigned long, unsigned long, unsigned long, unsigned long, unsigned long)+0x3e3
V  [libjvm.so+0x843215]  ParallelScavengeHeap::initialize()+0x4d5
V  [libjvm.so+0x97509a]  Universe::initialize_heap()+0xca
V  [libjvm.so+0x976269]  universe_init()+0x79
V  [libjvm.so+0x5b2f25]  init_globals()+0x65
V  [libjvm.so+0x95db4d]  Threads::create_vm(JavaVMInitArgs*, bool*)+0x1ed
V  [libjvm.so+0x63b2e4]  JNI_CreateJavaVM+0x74
C  [libjli.so+0x2f8e]  JavaMain+0x9e


---------------  P R O C E S S  ---------------

Java Threads: ( => current thread )

Other Threads:

=>0x00007ff4a800a800 (exited) JavaThread "Unknown thread" [_thread_in_vm, id=25797, stack(0x00007ff4b1b3a000,0x00007ff4b1c3b000)]

VM state:not at safepoint (not fully initialized)

VM Mutex/Monitor currently owned by a thread: None

GC Heap History (0 events):
No events

Deoptimization events (0 events):
No events

Internal exceptions (0 events):
No events

Events (0 events):
No events


Dynamic libraries:
00400000-00401000 r-xp 00000000 08:01 27975                              /usr/local/java/jdk1.7.0_80/jre/bin/java
00600000-00601000 rw-p 00000000 08:01 27975                              /usr/local/java/jdk1.7.0_80/jre/bin/java
01e3c000-01e5d000 rw-p 00000000 00:00 0                                  [heap]
bad80000-bff80000 rw-p 00000000 00:00 0 
eaa80000-100000000 rw-p 00000000 00:00 0 
7ff4a5000000-7ff4a5270000 rwxp 00000000 00:00 0 
7ff4a5270000-7ff4a8028000 rw-p 00000000 00:00 0 
7ff4a8028000-7ff4ac000000 ---p 00000000 00:00 0 
7ff4ae9a3000-7ff4aebec000 rw-p 00000000 00:00 0 
7ff4aebec000-7ff4aed6a000 rw-p 00000000 00:00 0 
7ff4aed6a000-7ff4aee16000 rw-p 00000000 00:00 0 
7ff4aee16000-7ff4aee2d000 r-xp 00000000 08:01 25616                      /usr/local/java/jdk1.7.0_80/jre/lib/amd64/libzip.so
7ff4aee2d000-7ff4af02d000 ---p 00017000 08:01 25616                      /usr/local/java/jdk1.7.0_80/jre/lib/amd64/libzip.so
7ff4af02d000-7ff4af02e000 rw-p 00017000 08:01 25616                      /usr/local/java/jdk1.7.0_80/jre/lib/amd64/libzip.so
7ff4af02e000-7ff4af039000 r-xp 00000000 08:01 454868                     /lib/x86_64-linux-gnu/libnss_files-2.23.so
7ff4af039000-7ff4af238000 ---p 0000b000 08:01 454868                     /lib/x86_64-linux-gnu/libnss_files-2.23.so
7ff4af238000-7ff4af239000 r--p 0000a000 08:01 454868                     /lib/x86_64-linux-gnu/libnss_files-2.23.so
7ff4af239000-7ff4af23a000 rw-p 0000b000 08:01 454868                     /lib/x86_64-linux-gnu/libnss_files-2.23.so
7ff4af23a000-7ff4af240000 rw-p 00000000 00:00 0 
7ff4af240000-7ff4af24b000 r-xp 00000000 08:01 454872                     /lib/x86_64-linux-gnu/libnss_nis-2.23.so
7ff4af24b000-7ff4af44a000 ---p 0000b000 08:01 454872                     /lib/x86_64-linux-gnu/libnss_nis-2.23.so
7ff4af44a000-7ff4af44b000 r--p 0000a000 08:01 454872                     /lib/x86_64-linux-gnu/libnss_nis-2.23.so
7ff4af44b000-7ff4af44c000 rw-p 0000b000 08:01 454872                     /lib/x86_64-linux-gnu/libnss_nis-2.23.so
7ff4af44c000-7ff4af462000 r-xp 00000000 08:01 454852                     /lib/x86_64-linux-gnu/libnsl-2.23.so
7ff4af462000-7ff4af661000 ---p 00016000 08:01 454852                     /lib/x86_64-linux-gnu/libnsl-2.23.so
7ff4af661000-7ff4af662000 r--p 00015000 08:01 454852                     /lib/x86_64-linux-gnu/libnsl-2.23.so
7ff4af662000-7ff4af663000 rw-p 00016000 08:01 454852                     /lib/x86_64-linux-gnu/libnsl-2.23.so
7ff4af663000-7ff4af665000 rw-p 00000000 00:00 0 
7ff4af665000-7ff4af66d000 r-xp 00000000 08:01 454863                     /lib/x86_64-linux-gnu/libnss_compat-2.23.so
7ff4af66d000-7ff4af86c000 ---p 00008000 08:01 454863                     /lib/x86_64-linux-gnu/libnss_compat-2.23.so
7ff4af86c000-7ff4af86d000 r--p 00007000 08:01 454863                     /lib/x86_64-linux-gnu/libnss_compat-2.23.so
7ff4af86d000-7ff4af86e000 rw-p 00008000 08:01 454863                     /lib/x86_64-linux-gnu/libnss_compat-2.23.so
7ff4af86e000-7ff4af897000 r-xp 00000000 08:01 25583                      /usr/local/java/jdk1.7.0_80/jre/lib/amd64/libjava.so
7ff4af897000-7ff4afa97000 ---p 00029000 08:01 25583                      /usr/local/java/jdk1.7.0_80/jre/lib/amd64/libjava.so
7ff4afa97000-7ff4afa99000 rw-p 00029000 08:01 25583                      /usr/local/java/jdk1.7.0_80/jre/lib/amd64/libjava.so
7ff4afa99000-7ff4afaa6000 r-xp 00000000 08:01 25609                      /usr/local/java/jdk1.7.0_80/jre/lib/amd64/libverify.so
7ff4afaa6000-7ff4afca5000 ---p 0000d000 08:01 25609                      /usr/local/java/jdk1.7.0_80/jre/lib/amd64/libverify.so
7ff4afca5000-7ff4afca7000 rw-p 0000c000 08:01 25609                      /usr/local/java/jdk1.7.0_80/jre/lib/amd64/libverify.so
7ff4afca7000-7ff4afcae000 r-xp 00000000 08:01 454873                     /lib/x86_64-linux-gnu/librt-2.23.so
7ff4afcae000-7ff4afead000 ---p 00007000 08:01 454873                     /lib/x86_64-linux-gnu/librt-2.23.so
7ff4afead000-7ff4afeae000 r--p 00006000 08:01 454873                     /lib/x86_64-linux-gnu/librt-2.23.so
7ff4afeae000-7ff4afeaf000 rw-p 00007000 08:01 454873                     /lib/x86_64-linux-gnu/librt-2.23.so
7ff4afeaf000-7ff4affb7000 r-xp 00000000 08:01 454851                     /lib/x86_64-linux-gnu/libm-2.23.so
7ff4affb7000-7ff4b01b6000 ---p 00108000 08:01 454851                     /lib/x86_64-linux-gnu/libm-2.23.so
7ff4b01b6000-7ff4b01b7000 r--p 00107000 08:01 454851                     /lib/x86_64-linux-gnu/libm-2.23.so
7ff4b01b7000-7ff4b01b8000 rw-p 00108000 08:01 454851                     /lib/x86_64-linux-gnu/libm-2.23.so
7ff4b01b8000-7ff4b0d2e000 r-xp 00000000 08:01 25633                      /usr/local/java/jdk1.7.0_80/jre/lib/amd64/server/libjvm.so
7ff4b0d2e000-7ff4b0f2d000 ---p 00b76000 08:01 25633                      /usr/local/java/jdk1.7.0_80/jre/lib/amd64/server/libjvm.so
7ff4b0f2d000-7ff4b0ff1000 rw-p 00b75000 08:01 25633                      /usr/local/java/jdk1.7.0_80/jre/lib/amd64/server/libjvm.so
7ff4b0ff1000-7ff4b1032000 rw-p 00000000 00:00 0 
7ff4b1032000-7ff4b11f2000 r-xp 00000000 08:01 454855                     /lib/x86_64-linux-gnu/libc-2.23.so
7ff4b11f2000-7ff4b13f2000 ---p 001c0000 08:01 454855                     /lib/x86_64-linux-gnu/libc-2.23.so
7ff4b13f2000-7ff4b13f6000 r--p 001c0000 08:01 454855                     /lib/x86_64-linux-gnu/libc-2.23.so
7ff4b13f6000-7ff4b13f8000 rw-p 001c4000 08:01 454855                     /lib/x86_64-linux-gnu/libc-2.23.so
7ff4b13f8000-7ff4b13fc000 rw-p 00000000 00:00 0 
7ff4b13fc000-7ff4b13ff000 r-xp 00000000 08:01 454857                     /lib/x86_64-linux-gnu/libdl-2.23.so
7ff4b13ff000-7ff4b15fe000 ---p 00003000 08:01 454857                     /lib/x86_64-linux-gnu/libdl-2.23.so
7ff4b15fe000-7ff4b15ff000 r--p 00002000 08:01 454857                     /lib/x86_64-linux-gnu/libdl-2.23.so
7ff4b15ff000-7ff4b1600000 rw-p 00003000 08:01 454857                     /lib/x86_64-linux-gnu/libdl-2.23.so
7ff4b1600000-7ff4b1615000 r-xp 00000000 08:01 25626                      /usr/local/java/jdk1.7.0_80/jre/lib/amd64/jli/libjli.so
7ff4b1615000-7ff4b1814000 ---p 00015000 08:01 25626                      /usr/local/java/jdk1.7.0_80/jre/lib/amd64/jli/libjli.so
7ff4b1814000-7ff4b1815000 rw-p 00014000 08:01 25626                      /usr/local/java/jdk1.7.0_80/jre/lib/amd64/jli/libjli.so
7ff4b1815000-7ff4b182d000 r-xp 00000000 08:01 454854                     /lib/x86_64-linux-gnu/libpthread-2.23.so
7ff4b182d000-7ff4b1a2c000 ---p 00018000 08:01 454854                     /lib/x86_64-linux-gnu/libpthread-2.23.so
7ff4b1a2c000-7ff4b1a2d000 r--p 00017000 08:01 454854                     /lib/x86_64-linux-gnu/libpthread-2.23.so
7ff4b1a2d000-7ff4b1a2e000 rw-p 00018000 08:01 454854                     /lib/x86_64-linux-gnu/libpthread-2.23.so
7ff4b1a2e000-7ff4b1a32000 rw-p 00000000 00:00 0 
7ff4b1a32000-7ff4b1a58000 r-xp 00000000 08:01 454853                     /lib/x86_64-linux-gnu/ld-2.23.so
7ff4b1a7a000-7ff4b1a84000 rw-p 00000000 00:00 0 
7ff4b1a84000-7ff4b1b3a000 rw-p 00000000 00:00 0 
7ff4b1b3a000-7ff4b1b3d000 ---p 00000000 00:00 0 
7ff4b1b3d000-7ff4b1c40000 rw-p 00000000 00:00 0 
7ff4b1c4d000-7ff4b1c55000 rw-s 00000000 08:01 2408                       /tmp/hsperfdata_pat/25792
7ff4b1c55000-7ff4b1c56000 rw-p 00000000 00:00 0 
7ff4b1c56000-7ff4b1c57000 r--p 00000000 00:00 0 
7ff4b1c57000-7ff4b1c58000 r--p 00025000 08:01 454853                     /lib/x86_64-linux-gnu/ld-2.23.so
7ff4b1c58000-7ff4b1c59000 rw-p 00026000 08:01 454853                     /lib/x86_64-linux-gnu/ld-2.23.so
7ff4b1c59000-7ff4b1c5a000 rw-p 00000000 00:00 0 
7ffd83ec5000-7ffd83ee7000 rw-p 00000000 00:00 0                          [stack]
7ffd83fe2000-7ffd83fe5000 r--p 00000000 00:00 0                          [vvar]
7ffd83fe5000-7ffd83fe7000 r-xp 00000000 00:00 0                          [vdso]
ffffffffff600000-ffffffffff601000 r-xp 00000000 00:00 0                  [vsyscall]

VM Arguments:
jvm_args: -Xms1024M -Xmx1024M 
java_command: /home/pat/SDN_Project/floodlight/floodlight-1.2/target/floodlight.jar
Launcher Type: SUN_STANDARD

Environment Variables:
PATH=/home/pat/bin:/home/pat/.local/bin:/usr/local/sbin:/usr/local/bin:/usr/sbin:/usr/bin:/sbin:/bin:/usr/games:/usr/local/games:/snap/bin
LD_LIBRARY_PATH=/usr/local/lib
SHELL=/bin/bash
DISPLAY=:0

Signal Handlers:
SIGSEGV: [libjvm.so+0x9a3b20], sa_mask[0]=0x7ffbfeff, sa_flags=0x10000004
SIGBUS: [libjvm.so+0x9a3b20], sa_mask[0]=0x7ffbfeff, sa_flags=0x10000004
SIGFPE: [libjvm.so+0x81e740], sa_mask[0]=0x7ffbfeff, sa_flags=0x10000004
SIGPIPE: [libjvm.so+0x81e740], sa_mask[0]=0x7ffbfeff, sa_flags=0x10000004
SIGXFSZ: [libjvm.so+0x81e740], sa_mask[0]=0x7ffbfeff, sa_flags=0x10000004
SIGILL: [libjvm.so+0x81e740], sa_mask[0]=0x7ffbfeff, sa_flags=0x10000004
SIGUSR1: SIG_DFL, sa_mask[0]=0x00000000, sa_flags=0x00000000
SIGUSR2: [libjvm.so+0x81ffb0], sa_mask[0]=0x00000004, sa_flags=0x10000004
SIGHUP: SIG_DFL, sa_mask[0]=0x00000000, sa_flags=0x00000000
SIGINT: SIG_DFL, sa_mask[0]=0x00000000, sa_flags=0x00000000
SIGTERM: SIG_DFL, sa_mask[0]=0x00000000, sa_flags=0x00000000
SIGQUIT: SIG_DFL, sa_mask[0]=0x00000000, sa_flags=0x00000000


---------------  S Y S T E M  ---------------

OS:stretch/sid

uname:Linux 4.13.0-41-generic #46~16.04.1-Ubuntu SMP Thu May 3 10:06:43 UTC 2018 x86_64
libc:glibc 2.23 NPTL 2.23 
rlimit: STACK 8192k, CORE 0k, NPROC 7767, NOFILE 1048576, AS infinity
load average:3.07 1.79 1.43

/proc/meminfo:
MemTotal:        2041384 kB
MemFree:           76724 kB
MemAvailable:     137636 kB
Buffers:            3004 kB
Cached:           213540 kB
SwapCached:        17328 kB
Active:          1295868 kB
Inactive:         489044 kB
Active(anon):    1204680 kB
Inactive(anon):   400616 kB
Active(file):      91188 kB
Inactive(file):    88428 kB
Unevictable:       35796 kB
Mlocked:           35796 kB
SwapTotal:       2095100 kB
SwapFree:         325560 kB
Dirty:               476 kB
Writeback:             0 kB
AnonPages:       1586904 kB
Mapped:           125284 kB
Shmem:             29440 kB
Slab:              60316 kB
SReclaimable:      25768 kB
SUnreclaim:        34548 kB
KernelStack:       11408 kB
PageTables:        42748 kB
NFS_Unstable:          0 kB
Bounce:                0 kB
WritebackTmp:          0 kB
CommitLimit:     3115792 kB
Committed_AS:    8885548 kB
VmallocTotal:   34359738367 kB
VmallocUsed:           0 kB
VmallocChunk:          0 kB
HardwareCorrupted:     0 kB
AnonHugePages:         0 kB
ShmemHugePages:        0 kB
ShmemPmdMapped:        0 kB
CmaTotal:              0 kB
CmaFree:               0 kB
HugePages_Total:       0
HugePages_Free:        0
HugePages_Rsvd:        0
HugePages_Surp:        0
Hugepagesize:       2048 kB
DirectMap4k:      139200 kB
DirectMap2M:     1957888 kB


CPU:total 2 (2 cores per cpu, 1 threads per core) family 6 model 61 stepping 4, cmov, cx8, fxsr, mmx, sse, sse2, sse3, ssse3, sse4.1, sse4.2, popcnt, avx, avx2, aes, tsc, tscinvbit

/proc/cpuinfo:
processor	: 0
vendor_id	: GenuineIntel
cpu family	: 6
model		: 61
model name	: Intel(R) Core(TM) i5-5200U CPU @ 2.20GHz
stepping	: 4
cpu MHz		: 2196.824
cache size	: 3072 KB
physical id	: 0
siblings	: 2
core id		: 0
cpu cores	: 2
apicid		: 0
initial apicid	: 0
fpu		: yes
fpu_exception	: yes
cpuid level	: 20
wp		: yes
flags		: fpu vme de pse tsc msr pae mce cx8 apic sep mtrr pge mca cmov pat pse36 clflush mmx fxsr sse sse2 ht syscall nx rdtscp lm constant_tsc rep_good nopl xtopology nonstop_tsc cpuid pni pclmulqdq ssse3 cx16 sse4_1 sse4_2 x2apic movbe popcnt aes xsave avx rdrand hypervisor lahf_lm abm 3dnowprefetch pti retpoline avx2 rdseed
bugs		: cpu_meltdown spectre_v1 spectre_v2
bogomips	: 4393.64
clflush size	: 64
cache_alignment	: 64
address sizes	: 39 bits physical, 48 bits virtual
power management:

processor	: 1
vendor_id	: GenuineIntel
cpu family	: 6
model		: 61
model name	: Intel(R) Core(TM) i5-5200U CPU @ 2.20GHz
stepping	: 4
cpu MHz		: 2196.824
cache size	: 3072 KB
physical id	: 0
siblings	: 2
core id		: 1
cpu cores	: 2
apicid		: 1
initial apicid	: 1
fpu		: yes
fpu_exception	: yes
cpuid level	: 20
wp		: yes
flags		: fpu vme de pse tsc msr pae mce cx8 apic sep mtrr pge mca cmov pat pse36 clflush mmx fxsr sse sse2 ht syscall nx rdtscp lm constant_tsc rep_good nopl xtopology nonstop_tsc cpuid pni pclmulqdq ssse3 cx16 sse4_1 sse4_2 x2apic movbe popcnt aes xsave avx rdrand hypervisor lahf_lm abm 3dnowprefetch pti retpoline avx2 rdseed
bugs		: cpu_meltdown spectre_v1 spectre_v2
bogomips	: 4393.64
clflush size	: 64
cache_alignment	: 64
address sizes	: 39 bits physical, 48 bits virtual
power management:



Memory: 4k page, physical 2041384k(76724k free), swap 2095100k(325560k free)

vm_info: Java HotSpot(TM) 64-Bit Server VM (24.80-b11) for linux-amd64 JRE (1.7.0_80-b15), built on Apr 10 2015 19:53:14 by "java_re" with gcc 4.3.0 20080428 (Red Hat 4.3.0-8)

time: Sun Jan 27 14:51:00 2019
elapsed time: 0 seconds

