#
# There is insufficient memory for the Java Runtime Environment to continue.
# Native memory allocation (malloc) failed to allocate 716177408 bytes for committing reserved memory.
# Possible reasons:
#   The system is out of physical RAM or swap space
#   In 32 bit mode, the process size limit was hit
# Possible solutions:
#   Reduce memory load on the system
#   Increase physical memory or swap space
#   Check if swap backing store is full
#   Use 64 bit Java on a 64 bit OS
#   Decrease Java heap size (-Xmx/-Xms)
#   Decrease number of Java threads
#   Decrease Java thread stack sizes (-Xss)
#   Set larger code cache with -XX:ReservedCodeCacheSize=
# This output file may be truncated or incomplete.
#
#  Out of Memory Error (os_linux.cpp:2756), pid=30987, tid=140065085343488
#
# JRE version:  (7.0_80-b15) (build )
# Java VM: Java HotSpot(TM) 64-Bit Server VM (24.80-b11 mixed mode linux-amd64 compressed oops)
# Failed to write core dump. Core dumps have been disabled. To enable core dumping, try "ulimit -c unlimited" before starting Java again
#

---------------  T H R E A D  ---------------

Current thread (0x00007f636800a800):  JavaThread "Unknown thread" [_thread_in_vm, id=30989, stack(0x00007f6371984000,0x00007f6371a85000)]

Stack: [0x00007f6371984000,0x00007f6371a85000],  sp=0x00007f6371a83270,  free space=1020k
Native frames: (J=compiled Java code, j=interpreted, Vv=VM code, C=native code)
V  [libjvm.so+0x9a320a]  VMError::report_and_die()+0x2ea
V  [libjvm.so+0x498d3b]  report_vm_out_of_memory(char const*, int, unsigned long, char const*)+0x9b
V  [libjvm.so+0x82191e]  os::Linux::commit_memory_impl(char*, unsigned long, bool)+0xfe
V  [libjvm.so+0x821e69]  os::pd_commit_memory(char*, unsigned long, unsigned long, bool)+0x29
V  [libjvm.so+0x81bb6a]  os::commit_memory(char*, unsigned long, unsigned long, bool)+0x2a
V  [libjvm.so+0x88d623]  PSVirtualSpace::expand_by(unsigned long)+0x53
V  [libjvm.so+0x87c293]  PSOldGen::initialize(ReservedSpace, unsigned long, char const*, int)+0x103
V  [libjvm.so+0x29ace3]  AdjoiningGenerations::AdjoiningGenerations(ReservedSpace, unsigned long, unsigned long, unsigned long, unsigned long, unsigned long, unsigned long, unsigned long)+0x3e3
V  [libjvm.so+0x843215]  ParallelScavengeHeap::initialize()+0x4d5
V  [libjvm.so+0x97509a]  Universe::initialize_heap()+0xca
V  [libjvm.so+0x976269]  universe_init()+0x79
V  [libjvm.so+0x5b2f25]  init_globals()+0x65
V  [libjvm.so+0x95db4d]  Threads::create_vm(JavaVMInitArgs*, bool*)+0x1ed
V  [libjvm.so+0x63b2e4]  JNI_CreateJavaVM+0x74
C  [libjli.so+0x2f8e]  JavaMain+0x9e


---------------  P R O C E S S  ---------------

Java Threads: ( => current thread )

Other Threads:

=>0x00007f636800a800 (exited) JavaThread "Unknown thread" [_thread_in_vm, id=30989, stack(0x00007f6371984000,0x00007f6371a85000)]

VM state:not at safepoint (not fully initialized)

VM Mutex/Monitor currently owned by a thread: None

GC Heap History (0 events):
No events

Deoptimization events (0 events):
No events

Internal exceptions (0 events):
No events

Events (0 events):
No events


Dynamic libraries:
00400000-00401000 r-xp 00000000 08:01 27975                              /usr/local/java/jdk1.7.0_80/jre/bin/java
00600000-00601000 rw-p 00000000 08:01 27975                              /usr/local/java/jdk1.7.0_80/jre/bin/java
01df2000-01e13000 rw-p 00000000 00:00 0                                  [heap]
bad80000-bff80000 rw-p 00000000 00:00 0 
eaa80000-100000000 rw-p 00000000 00:00 0 
7f6365000000-7f6365270000 rwxp 00000000 00:00 0 
7f6365270000-7f6368028000 rw-p 00000000 00:00 0 
7f6368028000-7f636c000000 ---p 00000000 00:00 0 
7f636e7ed000-7f636ea36000 rw-p 00000000 00:00 0 
7f636ea36000-7f636ebb4000 rw-p 00000000 00:00 0 
7f636ebb4000-7f636ec60000 rw-p 00000000 00:00 0 
7f636ec60000-7f636ec77000 r-xp 00000000 08:01 25616                      /usr/local/java/jdk1.7.0_80/jre/lib/amd64/libzip.so
7f636ec77000-7f636ee77000 ---p 00017000 08:01 25616                      /usr/local/java/jdk1.7.0_80/jre/lib/amd64/libzip.so
7f636ee77000-7f636ee78000 rw-p 00017000 08:01 25616                      /usr/local/java/jdk1.7.0_80/jre/lib/amd64/libzip.so
7f636ee78000-7f636ee83000 r-xp 00000000 08:01 454868                     /lib/x86_64-linux-gnu/libnss_files-2.23.so
7f636ee83000-7f636f082000 ---p 0000b000 08:01 454868                     /lib/x86_64-linux-gnu/libnss_files-2.23.so
7f636f082000-7f636f083000 r--p 0000a000 08:01 454868                     /lib/x86_64-linux-gnu/libnss_files-2.23.so
7f636f083000-7f636f084000 rw-p 0000b000 08:01 454868                     /lib/x86_64-linux-gnu/libnss_files-2.23.so
7f636f084000-7f636f08a000 rw-p 00000000 00:00 0 
7f636f08a000-7f636f095000 r-xp 00000000 08:01 454872                     /lib/x86_64-linux-gnu/libnss_nis-2.23.so
7f636f095000-7f636f294000 ---p 0000b000 08:01 454872                     /lib/x86_64-linux-gnu/libnss_nis-2.23.so
7f636f294000-7f636f295000 r--p 0000a000 08:01 454872                     /lib/x86_64-linux-gnu/libnss_nis-2.23.so
7f636f295000-7f636f296000 rw-p 0000b000 08:01 454872                     /lib/x86_64-linux-gnu/libnss_nis-2.23.so
7f636f296000-7f636f2ac000 r-xp 00000000 08:01 454852                     /lib/x86_64-linux-gnu/libnsl-2.23.so
7f636f2ac000-7f636f4ab000 ---p 00016000 08:01 454852                     /lib/x86_64-linux-gnu/libnsl-2.23.so
7f636f4ab000-7f636f4ac000 r--p 00015000 08:01 454852                     /lib/x86_64-linux-gnu/libnsl-2.23.so
7f636f4ac000-7f636f4ad000 rw-p 00016000 08:01 454852                     /lib/x86_64-linux-gnu/libnsl-2.23.so
7f636f4ad000-7f636f4af000 rw-p 00000000 00:00 0 
7f636f4af000-7f636f4b7000 r-xp 00000000 08:01 454863                     /lib/x86_64-linux-gnu/libnss_compat-2.23.so
7f636f4b7000-7f636f6b6000 ---p 00008000 08:01 454863                     /lib/x86_64-linux-gnu/libnss_compat-2.23.so
7f636f6b6000-7f636f6b7000 r--p 00007000 08:01 454863                     /lib/x86_64-linux-gnu/libnss_compat-2.23.so
7f636f6b7000-7f636f6b8000 rw-p 00008000 08:01 454863                     /lib/x86_64-linux-gnu/libnss_compat-2.23.so
7f636f6b8000-7f636f6e1000 r-xp 00000000 08:01 25583                      /usr/local/java/jdk1.7.0_80/jre/lib/amd64/libjava.so
7f636f6e1000-7f636f8e1000 ---p 00029000 08:01 25583                      /usr/local/java/jdk1.7.0_80/jre/lib/amd64/libjava.so
7f636f8e1000-7f636f8e3000 rw-p 00029000 08:01 25583                      /usr/local/java/jdk1.7.0_80/jre/lib/amd64/libjava.so
7f636f8e3000-7f636f8f0000 r-xp 00000000 08:01 25609                      /usr/local/java/jdk1.7.0_80/jre/lib/amd64/libverify.so
7f636f8f0000-7f636faef000 ---p 0000d000 08:01 25609                      /usr/local/java/jdk1.7.0_80/jre/lib/amd64/libverify.so
7f636faef000-7f636faf1000 rw-p 0000c000 08:01 25609                      /usr/local/java/jdk1.7.0_80/jre/lib/amd64/libverify.so
7f636faf1000-7f636faf8000 r-xp 00000000 08:01 454873                     /lib/x86_64-linux-gnu/librt-2.23.so
7f636faf8000-7f636fcf7000 ---p 00007000 08:01 454873                     /lib/x86_64-linux-gnu/librt-2.23.so
7f636fcf7000-7f636fcf8000 r--p 00006000 08:01 454873                     /lib/x86_64-linux-gnu/librt-2.23.so
7f636fcf8000-7f636fcf9000 rw-p 00007000 08:01 454873                     /lib/x86_64-linux-gnu/librt-2.23.so
7f636fcf9000-7f636fe01000 r-xp 00000000 08:01 454851                     /lib/x86_64-linux-gnu/libm-2.23.so
7f636fe01000-7f6370000000 ---p 00108000 08:01 454851                     /lib/x86_64-linux-gnu/libm-2.23.so
7f6370000000-7f6370001000 r--p 00107000 08:01 454851                     /lib/x86_64-linux-gnu/libm-2.23.so
7f6370001000-7f6370002000 rw-p 00108000 08:01 454851                     /lib/x86_64-linux-gnu/libm-2.23.so
7f6370002000-7f6370b78000 r-xp 00000000 08:01 25633                      /usr/local/java/jdk1.7.0_80/jre/lib/amd64/server/libjvm.so
7f6370b78000-7f6370d77000 ---p 00b76000 08:01 25633                      /usr/local/java/jdk1.7.0_80/jre/lib/amd64/server/libjvm.so
7f6370d77000-7f6370e3b000 rw-p 00b75000 08:01 25633                      /usr/local/java/jdk1.7.0_80/jre/lib/amd64/server/libjvm.so
7f6370e3b000-7f6370e7c000 rw-p 00000000 00:00 0 
7f6370e7c000-7f637103c000 r-xp 00000000 08:01 454855                     /lib/x86_64-linux-gnu/libc-2.23.so
7f637103c000-7f637123c000 ---p 001c0000 08:01 454855                     /lib/x86_64-linux-gnu/libc-2.23.so
7f637123c000-7f6371240000 r--p 001c0000 08:01 454855                     /lib/x86_64-linux-gnu/libc-2.23.so
7f6371240000-7f6371242000 rw-p 001c4000 08:01 454855                     /lib/x86_64-linux-gnu/libc-2.23.so
7f6371242000-7f6371246000 rw-p 00000000 00:00 0 
7f6371246000-7f6371249000 r-xp 00000000 08:01 454857                     /lib/x86_64-linux-gnu/libdl-2.23.so
7f6371249000-7f6371448000 ---p 00003000 08:01 454857                     /lib/x86_64-linux-gnu/libdl-2.23.so
7f6371448000-7f6371449000 r--p 00002000 08:01 454857                     /lib/x86_64-linux-gnu/libdl-2.23.so
7f6371449000-7f637144a000 rw-p 00003000 08:01 454857                     /lib/x86_64-linux-gnu/libdl-2.23.so
7f637144a000-7f637145f000 r-xp 00000000 08:01 25626                      /usr/local/java/jdk1.7.0_80/jre/lib/amd64/jli/libjli.so
7f637145f000-7f637165e000 ---p 00015000 08:01 25626                      /usr/local/java/jdk1.7.0_80/jre/lib/amd64/jli/libjli.so
7f637165e000-7f637165f000 rw-p 00014000 08:01 25626                      /usr/local/java/jdk1.7.0_80/jre/lib/amd64/jli/libjli.so
7f637165f000-7f6371677000 r-xp 00000000 08:01 454854                     /lib/x86_64-linux-gnu/libpthread-2.23.so
7f6371677000-7f6371876000 ---p 00018000 08:01 454854                     /lib/x86_64-linux-gnu/libpthread-2.23.so
7f6371876000-7f6371877000 r--p 00017000 08:01 454854                     /lib/x86_64-linux-gnu/libpthread-2.23.so
7f6371877000-7f6371878000 rw-p 00018000 08:01 454854                     /lib/x86_64-linux-gnu/libpthread-2.23.so
7f6371878000-7f637187c000 rw-p 00000000 00:00 0 
7f637187c000-7f63718a2000 r-xp 00000000 08:01 454853                     /lib/x86_64-linux-gnu/ld-2.23.so
7f63718c4000-7f63718ce000 rw-p 00000000 00:00 0 
7f63718ce000-7f6371984000 rw-p 00000000 00:00 0 
7f6371984000-7f6371987000 ---p 00000000 00:00 0 
7f6371987000-7f6371a8a000 rw-p 00000000 00:00 0 
7f6371a97000-7f6371a9f000 rw-s 00000000 08:01 22002                      /tmp/hsperfdata_pat/30987
7f6371a9f000-7f6371aa0000 rw-p 00000000 00:00 0 
7f6371aa0000-7f6371aa1000 r--p 00000000 00:00 0 
7f6371aa1000-7f6371aa2000 r--p 00025000 08:01 454853                     /lib/x86_64-linux-gnu/ld-2.23.so
7f6371aa2000-7f6371aa3000 rw-p 00026000 08:01 454853                     /lib/x86_64-linux-gnu/ld-2.23.so
7f6371aa3000-7f6371aa4000 rw-p 00000000 00:00 0 
7ffd9db2d000-7ffd9db4f000 rw-p 00000000 00:00 0                          [stack]
7ffd9db7b000-7ffd9db7e000 r--p 00000000 00:00 0                          [vvar]
7ffd9db7e000-7ffd9db80000 r-xp 00000000 00:00 0                          [vdso]
ffffffffff600000-ffffffffff601000 r-xp 00000000 00:00 0                  [vsyscall]

VM Arguments:
jvm_args: -Xms1024M -Xmx1024M 
java_command: /home/pat/SDN_Project/floodlight/floodlight-1.2/target/floodlight.jar
Launcher Type: SUN_STANDARD

Environment Variables:
PATH=/home/pat/bin:/home/pat/.local/bin:/usr/local/sbin:/usr/local/bin:/usr/sbin:/usr/bin:/sbin:/bin:/usr/games:/usr/local/games:/snap/bin
LD_LIBRARY_PATH=/usr/local/lib
SHELL=/bin/bash
DISPLAY=:0

Signal Handlers:
SIGSEGV: [libjvm.so+0x9a3b20], sa_mask[0]=0x7ffbfeff, sa_flags=0x10000004
SIGBUS: [libjvm.so+0x9a3b20], sa_mask[0]=0x7ffbfeff, sa_flags=0x10000004
SIGFPE: [libjvm.so+0x81e740], sa_mask[0]=0x7ffbfeff, sa_flags=0x10000004
SIGPIPE: [libjvm.so+0x81e740], sa_mask[0]=0x7ffbfeff, sa_flags=0x10000004
SIGXFSZ: [libjvm.so+0x81e740], sa_mask[0]=0x7ffbfeff, sa_flags=0x10000004
SIGILL: [libjvm.so+0x81e740], sa_mask[0]=0x7ffbfeff, sa_flags=0x10000004
SIGUSR1: SIG_DFL, sa_mask[0]=0x00000000, sa_flags=0x00000000
SIGUSR2: [libjvm.so+0x81ffb0], sa_mask[0]=0x00000004, sa_flags=0x10000004
SIGHUP: SIG_DFL, sa_mask[0]=0x00000000, sa_flags=0x00000000
SIGINT: SIG_DFL, sa_mask[0]=0x00000000, sa_flags=0x00000000
SIGTERM: SIG_DFL, sa_mask[0]=0x00000000, sa_flags=0x00000000
SIGQUIT: SIG_DFL, sa_mask[0]=0x00000000, sa_flags=0x00000000


---------------  S Y S T E M  ---------------

OS:stretch/sid

uname:Linux 4.13.0-41-generic #46~16.04.1-Ubuntu SMP Thu May 3 10:06:43 UTC 2018 x86_64
libc:glibc 2.23 NPTL 2.23 
rlimit: STACK 8192k, CORE 0k, NPROC 7767, NOFILE 1048576, AS infinity
load average:2.48 2.41 1.53

/proc/meminfo:
MemTotal:        2041384 kB
MemFree:           75992 kB
MemAvailable:     134768 kB
Buffers:            7608 kB
Cached:           224968 kB
SwapCached:        16080 kB
Active:          1289924 kB
Inactive:         495828 kB
Active(anon):    1206084 kB
Inactive(anon):   402412 kB
Active(file):      83840 kB
Inactive(file):    93416 kB
Unevictable:       35884 kB
Mlocked:           35884 kB
SwapTotal:       2095100 kB
SwapFree:         408532 kB
Dirty:               196 kB
Writeback:             0 kB
AnonPages:       1573044 kB
Mapped:           133484 kB
Shmem:             47864 kB
Slab:              59756 kB
SReclaimable:      26212 kB
SUnreclaim:        33544 kB
KernelStack:       11552 kB
PageTables:        43340 kB
NFS_Unstable:          0 kB
Bounce:                0 kB
WritebackTmp:          0 kB
CommitLimit:     3115792 kB
Committed_AS:    9008308 kB
VmallocTotal:   34359738367 kB
VmallocUsed:           0 kB
VmallocChunk:          0 kB
HardwareCorrupted:     0 kB
AnonHugePages:         0 kB
ShmemHugePages:        0 kB
ShmemPmdMapped:        0 kB
CmaTotal:              0 kB
CmaFree:               0 kB
HugePages_Total:       0
HugePages_Free:        0
HugePages_Rsvd:        0
HugePages_Surp:        0
Hugepagesize:       2048 kB
DirectMap4k:      139200 kB
DirectMap2M:     1957888 kB


CPU:total 2 (2 cores per cpu, 1 threads per core) family 6 model 61 stepping 4, cmov, cx8, fxsr, mmx, sse, sse2, sse3, ssse3, sse4.1, sse4.2, popcnt, avx, avx2, aes, tsc, tscinvbit

/proc/cpuinfo:
processor	: 0
vendor_id	: GenuineIntel
cpu family	: 6
model		: 61
model name	: Intel(R) Core(TM) i5-5200U CPU @ 2.20GHz
stepping	: 4
cpu MHz		: 2196.824
cache size	: 3072 KB
physical id	: 0
siblings	: 2
core id		: 0
cpu cores	: 2
apicid		: 0
initial apicid	: 0
fpu		: yes
fpu_exception	: yes
cpuid level	: 20
wp		: yes
flags		: fpu vme de pse tsc msr pae mce cx8 apic sep mtrr pge mca cmov pat pse36 clflush mmx fxsr sse sse2 ht syscall nx rdtscp lm constant_tsc rep_good nopl xtopology nonstop_tsc cpuid pni pclmulqdq ssse3 cx16 sse4_1 sse4_2 x2apic movbe popcnt aes xsave avx rdrand hypervisor lahf_lm abm 3dnowprefetch pti retpoline avx2 rdseed
bugs		: cpu_meltdown spectre_v1 spectre_v2
bogomips	: 4393.64
clflush size	: 64
cache_alignment	: 64
address sizes	: 39 bits physical, 48 bits virtual
power management:

processor	: 1
vendor_id	: GenuineIntel
cpu family	: 6
model		: 61
model name	: Intel(R) Core(TM) i5-5200U CPU @ 2.20GHz
stepping	: 4
cpu MHz		: 2196.824
cache size	: 3072 KB
physical id	: 0
siblings	: 2
core id		: 1
cpu cores	: 2
apicid		: 1
initial apicid	: 1
fpu		: yes
fpu_exception	: yes
cpuid level	: 20
wp		: yes
flags		: fpu vme de pse tsc msr pae mce cx8 apic sep mtrr pge mca cmov pat pse36 clflush mmx fxsr sse sse2 ht syscall nx rdtscp lm constant_tsc rep_good nopl xtopology nonstop_tsc cpuid pni pclmulqdq ssse3 cx16 sse4_1 sse4_2 x2apic movbe popcnt aes xsave avx rdrand hypervisor lahf_lm abm 3dnowprefetch pti retpoline avx2 rdseed
bugs		: cpu_meltdown spectre_v1 spectre_v2
bogomips	: 4393.64
clflush size	: 64
cache_alignment	: 64
address sizes	: 39 bits physical, 48 bits virtual
power management:



Memory: 4k page, physical 2041384k(75992k free), swap 2095100k(408532k free)

vm_info: Java HotSpot(TM) 64-Bit Server VM (24.80-b11) for linux-amd64 JRE (1.7.0_80-b15), built on Apr 10 2015 19:53:14 by "java_re" with gcc 4.3.0 20080428 (Red Hat 4.3.0-8)

time: Mon Jan 28 18:17:19 2019
elapsed time: 0 seconds

